5/17/2016 11:11 AM [  1]: Starting Generator in Domain: C:\Users\honglu\Documents\OneDrive - Microsoft\Projects\EnergySolutionPackage\Technical Deployment Guide\Demand Forecasting Data Generator\
5/17/2016 11:11 AM [  1]: Scanning for generators.....
5/17/2016 11:11 AM [  1]: AppConfig Setting: EventHubName -> 
5/17/2016 11:11 AM [  1]: AppConfig Setting: EventHubConnectionString -> 
5/17/2016 11:11 AM [  1]: AppConfig Setting: StorageAccountConnectionString -> 
5/17/2016 11:11 AM [  1]: Searching Generators: C:\Users\honglu\Documents\OneDrive - Microsoft\Projects\EnergySolutionPackage\Technical Deployment Guide\Demand Forecasting Data Generator\
5/17/2016 11:11 AM [  1]: Searching DLL: C:\Users\honglu\Documents\OneDrive - Microsoft\Projects\EnergySolutionPackage\Technical Deployment Guide\Demand Forecasting Data Generator\Microsoft.Azure.KeyVault.Core.dll
5/17/2016 11:11 AM [  1]: Searching DLL: C:\Users\honglu\Documents\OneDrive - Microsoft\Projects\EnergySolutionPackage\Technical Deployment Guide\Demand Forecasting Data Generator\Microsoft.Data.Edm.dll
5/17/2016 11:11 AM [  1]: Searching DLL: C:\Users\honglu\Documents\OneDrive - Microsoft\Projects\EnergySolutionPackage\Technical Deployment Guide\Demand Forecasting Data Generator\Microsoft.Data.OData.dll
5/17/2016 11:11 AM [  1]: Searching DLL: C:\Users\honglu\Documents\OneDrive - Microsoft\Projects\EnergySolutionPackage\Technical Deployment Guide\Demand Forecasting Data Generator\Microsoft.Data.Services.Client.dll
5/17/2016 11:11 AM [  1]: Searching DLL: C:\Users\honglu\Documents\OneDrive - Microsoft\Projects\EnergySolutionPackage\Technical Deployment Guide\Demand Forecasting Data Generator\Microsoft.ServiceBus.dll
5/17/2016 11:11 AM [  1]: Searching DLL: C:\Users\honglu\Documents\OneDrive - Microsoft\Projects\EnergySolutionPackage\Technical Deployment Guide\Demand Forecasting Data Generator\Microsoft.WindowsAzure.Storage.dll
5/17/2016 11:11 AM [  1]: Searching DLL: C:\Users\honglu\Documents\OneDrive - Microsoft\Projects\EnergySolutionPackage\Technical Deployment Guide\Demand Forecasting Data Generator\Newtonsoft.Json.dll
5/17/2016 11:11 AM [  1]: Searching DLL: C:\Users\honglu\Documents\OneDrive - Microsoft\Projects\EnergySolutionPackage\Technical Deployment Guide\Demand Forecasting Data Generator\SACommon.dll
5/17/2016 11:11 AM [  1]: Searching DLL: C:\Users\honglu\Documents\OneDrive - Microsoft\Projects\EnergySolutionPackage\Technical Deployment Guide\Demand Forecasting Data Generator\SADUGeneratorEngine.dll
5/17/2016 11:11 AM [  1]: Generator Found : SADUGeneratorEngine.SADUDataGenerator 
5/17/2016 11:11 AM [  1]: Generator Demand Forecasting Data Generator using individual configuration
5/17/2016 11:11 AM [  1]: Attempting to LOAD config for Demand Forecasting Data Generator at location C:\Users\honglu\Documents\OneDrive - Microsoft\Projects\EnergySolutionPackage\Technical Deployment Guide\Demand Forecasting Data Generator\DemandForecastingDataGeneratorConfig.json
5/17/2016 11:11 AM [  1]: Type Succesfully Constructed : Demand Forecasting Data Generator 
5/17/2016 11:11 AM [  1]: Searching DLL: C:\Users\honglu\Documents\OneDrive - Microsoft\Projects\EnergySolutionPackage\Technical Deployment Guide\Demand Forecasting Data Generator\System.Spatial.dll
5/17/2016 11:11 AM [  1]: Generator data is available
5/17/2016 11:11 AM [  1]: Active generator selected : Demand Forecasting Data Generator
5/17/2016 11:11 AM [  1]: Configuration Valid: True
5/17/2016 11:11 AM [  1]: Configuration Valid: True
5/17/2016 11:11 AM [  1]: Attempting to SAVE config for Demand Forecasting Data Generator at location C:\Users\honglu\Documents\OneDrive - Microsoft\Projects\EnergySolutionPackage\Technical Deployment Guide\Demand Forecasting Data Generator\DemandForecastingDataGeneratorConfig.json
5/17/2016 11:11 AM [  1]: Configuration Valid: True
5/17/2016 11:11 AM [  1]: Choose an action:

	0 - Start
	1 - Stop
	2 - Configure
	3 - Status
	4 - Quit

Selection: 
5/17/2016 11:12 AM [  1]: Selection Entered: 0
5/17/2016 11:12 AM [  1]: Configuration Valid: True
5/17/2016 11:12 AM [  1]: Initializing generator Demand Forecasting Data Generator
5/17/2016 11:12 AM [  1]: Initializing Generator: Demand Forecasting Data Generator
5/17/2016 11:12 AM [  1]: Getting Configuration Value: StorageAccountConnectionString -> DefaultEndpointsProtocol=https;AccountName=energytemplatehl1;AccountKey=3XQn84fwSUAptGUZibEyFHZNcJhUESlMXU2VMDCPgvx7ibFFHErB6lYaaV2XcEau+ZSgWYPdjdZ84J6q3REYpg==
5/17/2016 11:12 AM [  3]: Preparing historic data 
5/17/2016 11:12 AM [  4]: Uploading historic data 
5/17/2016 11:12 AM [  1]: Azure Connection Information:
	Connection String: DefaultEndpointsProtocol=https;AccountName=energytemplatehl1;AccountKey=3XQn84fwSUAptGUZibEyFHZNcJhUESlMXU2VMDCPgvx7ibFFHErB6lYaaV2XcEau+ZSgWYPdjdZ84J6q3REYpg==
	Container: energysadata
5/17/2016 11:12 AM [  1]: 	Deleting Blob: demandhistory/demandhistorydata.csv
5/17/2016 11:12 AM [  1]: 	Deleting Blob: demandongoing/date=2016-05-16/hour=19/736269642_e9ded84c995c4ab89c745c9078cc81b0_1.csv
5/17/2016 11:12 AM [  1]: 	Deleting Blob: demandongoing/date=2016-05-16/hour=20/736269642_621c8ef0f50442849351a40456e653fe_1.csv
5/17/2016 11:12 AM [  1]: 	Deleting Blob: demandongoing/date=2016-05-16/hour=21/736269642_74e1ef72c7da4cb09f5383d1c47b4be7_1.csv
5/17/2016 11:12 AM [  1]: 	Deleting Blob: demandongoing/date=2016-05-16/hour=22/736269642_2089550addf443e2a321e173e13e7041_1.csv
5/17/2016 11:12 AM [  1]: Upload Local File: 
5/17/2016 11:12 AM [  1]: Azure Connection Information:
	Connection String: DefaultEndpointsProtocol=https;AccountName=energytemplatehl1;AccountKey=3XQn84fwSUAptGUZibEyFHZNcJhUESlMXU2VMDCPgvx7ibFFHErB6lYaaV2XcEau+ZSgWYPdjdZ84J6q3REYpg==
	Container: energysadata
Azure Storage Object:
	Object: demandhistory/demandhistorydata.csv
5/17/2016 11:12 AM [  1]: Local Storage Object:
	Location: C:\Users\honglu\Documents\OneDrive - Microsoft\Projects\EnergySolutionPackage\Technical Deployment Guide\Demand Forecasting Data Generator\DUGeneratorData
	File: current_historical_data_sample.csv
5/17/2016 11:12 AM [  1]: SourceFile File: C:\Users\honglu\Documents\OneDrive - Microsoft\Projects\EnergySolutionPackage\Technical Deployment Guide\Demand Forecasting Data Generator\DUGeneratorData\current_historical_data_sample.csv 
5/17/2016 11:12 AM [  1]: Starting generator Demand Forecasting Data Generator
5/17/2016 11:12 AM [  1]: Generator Starting : Demand Forecasting Data Generator
5/17/2016 11:12 AM [  1]: Initialization time  0:00:02.3075631
5/17/2016 11:12 AM [  1]: Choose an action:

	0 - Start
	1 - Stop
	2 - Configure
	3 - Status
	4 - Quit

Selection: 
5/17/2016 11:12 AM [  5]: ++Job Start Request Recieved++
5/17/2016 11:12 AM [  5]: Getting Configuration Value: EventHubName -> energytemplatehl1
5/17/2016 11:12 AM [  5]: Getting Configuration Value: EventHubConnectionString -> Endpoint=sb://energytemplatehl1-ns.servicebus.windows.net/;SharedAccessKeyName=RootManageSharedAccessKey;SharedAccessKey=Na5XeG+wnsich0bG7YiQEY8U3x9OEdRPHJpE5CGdsIg=
5/17/2016 11:12 AM [  5]: Event Hub Utility Details: Endpoint=sb://energytemplatehl1-ns.servicebus.windows.net/;SharedAccessKeyName=RootManageSharedAccessKey;SharedAccessKey=Na5XeG+wnsich0bG7YiQEY8U3x9OEdRPHJpE5CGdsIg= :: energytemplatehl1
5/17/2016 11:12 AM [  5]: Batch Sending Event Hub Records: energytemplatehl1  -> 7 (count)
5/17/2016 11:12 AM [  5]: Batch Sending Event Hub Records: energytemplatehl1  -> 7 (count)
5/17/2016 11:12 AM [  5]: Batch Sending Event Hub Records: energytemplatehl1  -> 7 (count)
5/17/2016 11:12 AM [  5]: Batch Sending Event Hub Records: energytemplatehl1  -> 7 (count)
5/17/2016 11:12 AM [  5]: Batch Sending Event Hub Records: energytemplatehl1  -> 7 (count)
5/17/2016 11:12 AM [  5]: Batch Sending Event Hub Records: energytemplatehl1  -> 7 (count)
5/17/2016 11:13 AM [  5]: Batch Sending Event Hub Records: energytemplatehl1  -> 7 (count)
5/17/2016 11:13 AM [  5]: Batch Sending Event Hub Records: energytemplatehl1  -> 7 (count)
5/17/2016 11:13 AM [  5]: Batch Sending Event Hub Records: energytemplatehl1  -> 7 (count)
5/17/2016 11:13 AM [  5]: Batch Sending Event Hub Records: energytemplatehl1  -> 7 (count)
5/17/2016 11:13 AM [  5]: Batch Sending Event Hub Records: energytemplatehl1  -> 7 (count)
5/17/2016 11:13 AM [  5]: Batch Sending Event Hub Records: energytemplatehl1  -> 7 (count)
5/17/2016 11:14 AM [  5]: Batch Sending Event Hub Records: energytemplatehl1  -> 7 (count)
5/17/2016 11:14 AM [  5]: Batch Sending Event Hub Records: energytemplatehl1  -> 7 (count)
5/17/2016 11:14 AM [  5]: Batch Sending Event Hub Records: energytemplatehl1  -> 7 (count)
5/17/2016 11:14 AM [  5]: Batch Sending Event Hub Records: energytemplatehl1  -> 7 (count)
5/17/2016 11:14 AM [  5]: Batch Sending Event Hub Records: energytemplatehl1  -> 7 (count)
5/17/2016 11:14 AM [  5]: Batch Sending Event Hub Records: energytemplatehl1  -> 7 (count)
5/17/2016 11:15 AM [  5]: Batch Sending Event Hub Records: energytemplatehl1  -> 7 (count)
5/17/2016 11:15 AM [  5]: Batch Sending Event Hub Records: energytemplatehl1  -> 7 (count)
5/17/2016 11:15 AM [  5]: Batch Sending Event Hub Records: energytemplatehl1  -> 7 (count)
5/17/2016 11:15 AM [  5]: Batch Sending Event Hub Records: energytemplatehl1  -> 7 (count)
5/17/2016 11:15 AM [  5]: Batch Sending Event Hub Records: energytemplatehl1  -> 7 (count)
5/17/2016 11:15 AM [  5]: Batch Sending Event Hub Records: energytemplatehl1  -> 7 (count)
5/17/2016 11:16 AM [  5]: Batch Sending Event Hub Records: energytemplatehl1  -> 7 (count)
5/17/2016 11:16 AM [  5]: Batch Sending Event Hub Records: energytemplatehl1  -> 7 (count)
5/17/2016 11:16 AM [  5]: Batch Sending Event Hub Records: energytemplatehl1  -> 7 (count)
5/17/2016 11:16 AM [  5]: Batch Sending Event Hub Records: energytemplatehl1  -> 7 (count)
5/17/2016 11:16 AM [  5]: Batch Sending Event Hub Records: energytemplatehl1  -> 7 (count)
5/17/2016 11:16 AM [  5]: Batch Sending Event Hub Records: energytemplatehl1  -> 7 (count)
5/17/2016 11:17 AM [  5]: Batch Sending Event Hub Records: energytemplatehl1  -> 7 (count)
5/17/2016 11:17 AM [  5]: Batch Sending Event Hub Records: energytemplatehl1  -> 7 (count)
5/17/2016 11:17 AM [  5]: Batch Sending Event Hub Records: energytemplatehl1  -> 7 (count)
5/17/2016 11:17 AM [  5]: Batch Sending Event Hub Records: energytemplatehl1  -> 7 (count)
5/17/2016 11:17 AM [  5]: Batch Sending Event Hub Records: energytemplatehl1  -> 7 (count)
5/17/2016 11:17 AM [  5]: Batch Sending Event Hub Records: energytemplatehl1  -> 7 (count)
5/17/2016 11:17 AM [  5]: Batch Sending Event Hub Records: energytemplatehl1  -> 7 (count)
5/17/2016 11:18 AM [  5]: Batch Sending Event Hub Records: energytemplatehl1  -> 7 (count)
5/17/2016 11:18 AM [  5]: Batch Sending Event Hub Records: energytemplatehl1  -> 7 (count)
5/17/2016 11:18 AM [  5]: Batch Sending Event Hub Records: energytemplatehl1  -> 7 (count)
5/17/2016 11:18 AM [  5]: Batch Sending Event Hub Records: energytemplatehl1  -> 7 (count)
5/17/2016 11:18 AM [  5]: Batch Sending Event Hub Records: energytemplatehl1  -> 7 (count)
5/17/2016 11:19 AM [  5]: Batch Sending Event Hub Records: energytemplatehl1  -> 7 (count)
5/17/2016 11:19 AM [  5]: Batch Sending Event Hub Records: energytemplatehl1  -> 7 (count)
5/17/2016 11:19 AM [  5]: Batch Sending Event Hub Records: energytemplatehl1  -> 7 (count)
5/17/2016 11:19 AM [  5]: Batch Sending Event Hub Records: energytemplatehl1  -> 7 (count)
5/17/2016 11:19 AM [  5]: Batch Sending Event Hub Records: energytemplatehl1  -> 7 (count)
5/17/2016 11:19 AM [  5]: Batch Sending Event Hub Records: energytemplatehl1  -> 7 (count)
5/17/2016 11:20 AM [  5]: Batch Sending Event Hub Records: energytemplatehl1  -> 7 (count)
5/17/2016 11:20 AM [  5]: Batch Sending Event Hub Records: energytemplatehl1  -> 7 (count)
5/17/2016 11:20 AM [  5]: Batch Sending Event Hub Records: energytemplatehl1  -> 7 (count)
5/17/2016 11:20 AM [  5]: Batch Sending Event Hub Records: energytemplatehl1  -> 7 (count)
5/17/2016 11:20 AM [  5]: Batch Sending Event Hub Records: energytemplatehl1  -> 7 (count)
5/17/2016 11:20 AM [  5]: Batch Sending Event Hub Records: energytemplatehl1  -> 7 (count)
5/17/2016 11:21 AM [  5]: Batch Sending Event Hub Records: energytemplatehl1  -> 7 (count)
5/17/2016 11:21 AM [  5]: Batch Sending Event Hub Records: energytemplatehl1  -> 7 (count)
5/17/2016 11:21 AM [  5]: Batch Sending Event Hub Records: energytemplatehl1  -> 7 (count)
5/17/2016 11:21 AM [  5]: Batch Sending Event Hub Records: energytemplatehl1  -> 7 (count)
5/17/2016 11:21 AM [  5]: Batch Sending Event Hub Records: energytemplatehl1  -> 7 (count)
5/17/2016 11:21 AM [  5]: Batch Sending Event Hub Records: energytemplatehl1  -> 7 (count)
5/17/2016 11:22 AM [  5]: Batch Sending Event Hub Records: energytemplatehl1  -> 7 (count)
5/17/2016 11:22 AM [  5]: Batch Sending Event Hub Records: energytemplatehl1  -> 7 (count)
5/17/2016 11:22 AM [  5]: Batch Sending Event Hub Records: energytemplatehl1  -> 7 (count)
5/17/2016 11:22 AM [  5]: Batch Sending Event Hub Records: energytemplatehl1  -> 7 (count)
5/17/2016 11:22 AM [  5]: Batch Sending Event Hub Records: energytemplatehl1  -> 7 (count)
5/17/2016 11:22 AM [  5]: Batch Sending Event Hub Records: energytemplatehl1  -> 7 (count)
5/17/2016 11:23 AM [  5]: Batch Sending Event Hub Records: energytemplatehl1  -> 7 (count)
5/17/2016 11:23 AM [  5]: Batch Sending Event Hub Records: energytemplatehl1  -> 7 (count)
5/17/2016 11:23 AM [  5]: Batch Sending Event Hub Records: energytemplatehl1  -> 7 (count)
5/17/2016 11:23 AM [  5]: Batch Sending Event Hub Records: energytemplatehl1  -> 7 (count)
5/17/2016 11:23 AM [  5]: Batch Sending Event Hub Records: energytemplatehl1  -> 7 (count)
5/17/2016 11:23 AM [  5]: Batch Sending Event Hub Records: energytemplatehl1  -> 7 (count)
5/17/2016 11:24 AM [  5]: Batch Sending Event Hub Records: energytemplatehl1  -> 7 (count)
5/17/2016 11:24 AM [  5]: Batch Sending Event Hub Records: energytemplatehl1  -> 7 (count)
5/17/2016 11:24 AM [  5]: Batch Sending Event Hub Records: energytemplatehl1  -> 7 (count)
5/17/2016 11:24 AM [  5]: Batch Sending Event Hub Records: energytemplatehl1  -> 7 (count)
5/17/2016 11:24 AM [  5]: Batch Sending Event Hub Records: energytemplatehl1  -> 7 (count)
5/17/2016 11:24 AM [  5]: Batch Sending Event Hub Records: energytemplatehl1  -> 7 (count)
5/17/2016 11:25 AM [  5]: Batch Sending Event Hub Records: energytemplatehl1  -> 7 (count)
5/17/2016 11:25 AM [  5]: Batch Sending Event Hub Records: energytemplatehl1  -> 7 (count)
5/17/2016 11:25 AM [  5]: Batch Sending Event Hub Records: energytemplatehl1  -> 7 (count)
5/17/2016 11:25 AM [  5]: Batch Sending Event Hub Records: energytemplatehl1  -> 7 (count)
5/17/2016 11:25 AM [  5]: Batch Sending Event Hub Records: energytemplatehl1  -> 7 (count)
5/17/2016 11:25 AM [  5]: Batch Sending Event Hub Records: energytemplatehl1  -> 7 (count)
5/17/2016 11:26 AM [  5]: Batch Sending Event Hub Records: energytemplatehl1  -> 7 (count)
5/17/2016 11:26 AM [  5]: Batch Sending Event Hub Records: energytemplatehl1  -> 7 (count)
5/17/2016 11:26 AM [  5]: Batch Sending Event Hub Records: energytemplatehl1  -> 7 (count)
5/17/2016 11:26 AM [  5]: Batch Sending Event Hub Records: energytemplatehl1  -> 7 (count)
5/17/2016 11:26 AM [  5]: Batch Sending Event Hub Records: energytemplatehl1  -> 7 (count)
5/17/2016 11:26 AM [  5]: Batch Sending Event Hub Records: energytemplatehl1  -> 7 (count)
5/17/2016 11:27 AM [  5]: Batch Sending Event Hub Records: energytemplatehl1  -> 7 (count)
5/17/2016 11:27 AM [  5]: Batch Sending Event Hub Records: energytemplatehl1  -> 7 (count)
5/17/2016 11:27 AM [  5]: Batch Sending Event Hub Records: energytemplatehl1  -> 7 (count)
5/17/2016 11:27 AM [  5]: Batch Sending Event Hub Records: energytemplatehl1  -> 7 (count)
5/17/2016 11:27 AM [  5]: Batch Sending Event Hub Records: energytemplatehl1  -> 7 (count)
5/17/2016 11:27 AM [  5]: Batch Sending Event Hub Records: energytemplatehl1  -> 7 (count)
5/17/2016 11:28 AM [  5]: Batch Sending Event Hub Records: energytemplatehl1  -> 7 (count)
5/17/2016 11:28 AM [  5]: Batch Sending Event Hub Records: energytemplatehl1  -> 7 (count)
5/17/2016 11:28 AM [  5]: Batch Sending Event Hub Records: energytemplatehl1  -> 7 (count)
5/17/2016 11:28 AM [  5]: Batch Sending Event Hub Records: energytemplatehl1  -> 7 (count)
5/17/2016 11:28 AM [  5]: Batch Sending Event Hub Records: energytemplatehl1  -> 7 (count)
5/17/2016 11:28 AM [  5]: Batch Sending Event Hub Records: energytemplatehl1  -> 7 (count)
5/17/2016 11:29 AM [  5]: Batch Sending Event Hub Records: energytemplatehl1  -> 7 (count)
5/17/2016 11:29 AM [  5]: Batch Sending Event Hub Records: energytemplatehl1  -> 7 (count)
5/17/2016 11:29 AM [  5]: Batch Sending Event Hub Records: energytemplatehl1  -> 7 (count)
5/17/2016 11:29 AM [  5]: Batch Sending Event Hub Records: energytemplatehl1  -> 7 (count)
5/17/2016 11:29 AM [  5]: Batch Sending Event Hub Records: energytemplatehl1  -> 7 (count)
5/17/2016 11:29 AM [  5]: Batch Sending Event Hub Records: energytemplatehl1  -> 7 (count)
5/17/2016 11:30 AM [  5]: Batch Sending Event Hub Records: energytemplatehl1  -> 7 (count)
5/17/2016 11:30 AM [  5]: Batch Sending Event Hub Records: energytemplatehl1  -> 7 (count)
5/17/2016 11:30 AM [  5]: Batch Sending Event Hub Records: energytemplatehl1  -> 7 (count)
5/17/2016 11:30 AM [  5]: Batch Sending Event Hub Records: energytemplatehl1  -> 7 (count)
5/17/2016 11:30 AM [  5]: Batch Sending Event Hub Records: energytemplatehl1  -> 7 (count)
5/17/2016 11:30 AM [  5]: Batch Sending Event Hub Records: energytemplatehl1  -> 7 (count)
5/17/2016 11:31 AM [  5]: Batch Sending Event Hub Records: energytemplatehl1  -> 7 (count)
5/17/2016 11:31 AM [  5]: Batch Sending Event Hub Records: energytemplatehl1  -> 7 (count)
5/17/2016 11:31 AM [  5]: Batch Sending Event Hub Records: energytemplatehl1  -> 7 (count)
5/17/2016 11:31 AM [  5]: Batch Sending Event Hub Records: energytemplatehl1  -> 7 (count)
5/17/2016 11:31 AM [  5]: Batch Sending Event Hub Records: energytemplatehl1  -> 7 (count)
5/17/2016 11:31 AM [  5]: Batch Sending Event Hub Records: energytemplatehl1  -> 7 (count)
5/17/2016 11:32 AM [  5]: Batch Sending Event Hub Records: energytemplatehl1  -> 7 (count)
5/17/2016 11:32 AM [  5]: Batch Sending Event Hub Records: energytemplatehl1  -> 7 (count)
5/17/2016 11:32 AM [  5]: Batch Sending Event Hub Records: energytemplatehl1  -> 7 (count)
5/17/2016 11:32 AM [  5]: Batch Sending Event Hub Records: energytemplatehl1  -> 7 (count)
5/17/2016 11:32 AM [  5]: Batch Sending Event Hub Records: energytemplatehl1  -> 7 (count)
5/17/2016 11:32 AM [  5]: Batch Sending Event Hub Records: energytemplatehl1  -> 7 (count)
5/17/2016 11:33 AM [  5]: Batch Sending Event Hub Records: energytemplatehl1  -> 7 (count)
5/17/2016 11:33 AM [  5]: Batch Sending Event Hub Records: energytemplatehl1  -> 7 (count)
5/17/2016 11:33 AM [  5]: Batch Sending Event Hub Records: energytemplatehl1  -> 7 (count)
5/17/2016 11:33 AM [  5]: Batch Sending Event Hub Records: energytemplatehl1  -> 7 (count)
5/17/2016 11:33 AM [  5]: Batch Sending Event Hub Records: energytemplatehl1  -> 7 (count)
5/17/2016 11:33 AM [  5]: Batch Sending Event Hub Records: energytemplatehl1  -> 7 (count)
5/17/2016 11:34 AM [  5]: Batch Sending Event Hub Records: energytemplatehl1  -> 7 (count)
5/17/2016 11:34 AM [  5]: Batch Sending Event Hub Records: energytemplatehl1  -> 7 (count)
5/17/2016 11:34 AM [  5]: Batch Sending Event Hub Records: energytemplatehl1  -> 7 (count)
5/17/2016 11:34 AM [  5]: Batch Sending Event Hub Records: energytemplatehl1  -> 7 (count)
5/17/2016 11:34 AM [  5]: Batch Sending Event Hub Records: energytemplatehl1  -> 7 (count)
5/17/2016 11:34 AM [  5]: Batch Sending Event Hub Records: energytemplatehl1  -> 7 (count)
5/17/2016 11:35 AM [  5]: Batch Sending Event Hub Records: energytemplatehl1  -> 7 (count)
5/17/2016 11:35 AM [  5]: Batch Sending Event Hub Records: energytemplatehl1  -> 7 (count)
5/17/2016 11:35 AM [  5]: Batch Sending Event Hub Records: energytemplatehl1  -> 7 (count)
5/17/2016 11:35 AM [  5]: Batch Sending Event Hub Records: energytemplatehl1  -> 7 (count)
5/17/2016 11:35 AM [  5]: Batch Sending Event Hub Records: energytemplatehl1  -> 7 (count)
5/17/2016 11:35 AM [  5]: Batch Sending Event Hub Records: energytemplatehl1  -> 7 (count)
5/17/2016 11:36 AM [  5]: Batch Sending Event Hub Records: energytemplatehl1  -> 7 (count)
5/17/2016 11:36 AM [  5]: Batch Sending Event Hub Records: energytemplatehl1  -> 7 (count)
5/17/2016 11:36 AM [  5]: Batch Sending Event Hub Records: energytemplatehl1  -> 7 (count)
5/17/2016 11:36 AM [  5]: Batch Sending Event Hub Records: energytemplatehl1  -> 7 (count)
5/17/2016 11:36 AM [  5]: Batch Sending Event Hub Records: energytemplatehl1  -> 7 (count)
5/17/2016 11:36 AM [  5]: Batch Sending Event Hub Records: energytemplatehl1  -> 7 (count)
5/17/2016 11:37 AM [  5]: Batch Sending Event Hub Records: energytemplatehl1  -> 7 (count)
5/17/2016 11:37 AM [  5]: Batch Sending Event Hub Records: energytemplatehl1  -> 7 (count)
5/17/2016 11:37 AM [  5]: Batch Sending Event Hub Records: energytemplatehl1  -> 7 (count)
5/17/2016 11:37 AM [  5]: Batch Sending Event Hub Records: energytemplatehl1  -> 7 (count)
5/17/2016 11:37 AM [  5]: Batch Sending Event Hub Records: energytemplatehl1  -> 7 (count)
5/17/2016 11:37 AM [  5]: Batch Sending Event Hub Records: energytemplatehl1  -> 7 (count)
5/17/2016 11:38 AM [  5]: Batch Sending Event Hub Records: energytemplatehl1  -> 7 (count)
5/17/2016 11:38 AM [  5]: Batch Sending Event Hub Records: energytemplatehl1  -> 7 (count)
5/17/2016 11:38 AM [  5]: Batch Sending Event Hub Records: energytemplatehl1  -> 7 (count)
5/17/2016 11:38 AM [  5]: Batch Sending Event Hub Records: energytemplatehl1  -> 7 (count)
5/17/2016 11:38 AM [  5]: Batch Sending Event Hub Records: energytemplatehl1  -> 7 (count)
5/17/2016 11:38 AM [  5]: Batch Sending Event Hub Records: energytemplatehl1  -> 7 (count)
5/17/2016 11:39 AM [  5]: Batch Sending Event Hub Records: energytemplatehl1  -> 7 (count)
5/17/2016 11:39 AM [  5]: Batch Sending Event Hub Records: energytemplatehl1  -> 7 (count)
5/17/2016 11:39 AM [  5]: Batch Sending Event Hub Records: energytemplatehl1  -> 7 (count)
5/17/2016 11:39 AM [  5]: Batch Sending Event Hub Records: energytemplatehl1  -> 7 (count)
5/17/2016 11:39 AM [  5]: Batch Sending Event Hub Records: energytemplatehl1  -> 7 (count)
5/17/2016 11:39 AM [  5]: Batch Sending Event Hub Records: energytemplatehl1  -> 7 (count)
5/17/2016 11:40 AM [  5]: Batch Sending Event Hub Records: energytemplatehl1  -> 7 (count)
5/17/2016 11:40 AM [  5]: Batch Sending Event Hub Records: energytemplatehl1  -> 7 (count)
5/17/2016 11:40 AM [  5]: Batch Sending Event Hub Records: energytemplatehl1  -> 7 (count)
5/17/2016 11:40 AM [  5]: Batch Sending Event Hub Records: energytemplatehl1  -> 7 (count)
5/17/2016 11:40 AM [  5]: Batch Sending Event Hub Records: energytemplatehl1  -> 7 (count)
5/17/2016 11:40 AM [  5]: Batch Sending Event Hub Records: energytemplatehl1  -> 7 (count)
5/17/2016 11:41 AM [  5]: Batch Sending Event Hub Records: energytemplatehl1  -> 7 (count)
5/17/2016 11:41 AM [  5]: Batch Sending Event Hub Records: energytemplatehl1  -> 7 (count)
5/17/2016 11:41 AM [  5]: Batch Sending Event Hub Records: energytemplatehl1  -> 7 (count)
5/17/2016 11:41 AM [  5]: Batch Sending Event Hub Records: energytemplatehl1  -> 7 (count)
5/17/2016 11:41 AM [  5]: Batch Sending Event Hub Records: energytemplatehl1  -> 7 (count)
5/17/2016 11:41 AM [  5]: Batch Sending Event Hub Records: energytemplatehl1  -> 7 (count)
5/17/2016 11:42 AM [  5]: Batch Sending Event Hub Records: energytemplatehl1  -> 7 (count)
5/17/2016 11:42 AM [  5]: Batch Sending Event Hub Records: energytemplatehl1  -> 7 (count)
5/17/2016 11:42 AM [  5]: Batch Sending Event Hub Records: energytemplatehl1  -> 7 (count)
5/17/2016 11:42 AM [  5]: Batch Sending Event Hub Records: energytemplatehl1  -> 7 (count)
5/17/2016 11:42 AM [  5]: Batch Sending Event Hub Records: energytemplatehl1  -> 7 (count)
5/17/2016 11:42 AM [  5]: Batch Sending Event Hub Records: energytemplatehl1  -> 7 (count)
5/17/2016 11:43 AM [  5]: Batch Sending Event Hub Records: energytemplatehl1  -> 7 (count)
5/17/2016 11:43 AM [  5]: Batch Sending Event Hub Records: energytemplatehl1  -> 7 (count)
5/17/2016 11:43 AM [  5]: Batch Sending Event Hub Records: energytemplatehl1  -> 7 (count)
5/17/2016 11:43 AM [  5]: Batch Sending Event Hub Records: energytemplatehl1  -> 7 (count)
5/17/2016 11:43 AM [  5]: Batch Sending Event Hub Records: energytemplatehl1  -> 7 (count)
5/17/2016 11:43 AM [  5]: Batch Sending Event Hub Records: energytemplatehl1  -> 7 (count)
5/17/2016 11:44 AM [  5]: Batch Sending Event Hub Records: energytemplatehl1  -> 7 (count)
5/17/2016 11:44 AM [  5]: Batch Sending Event Hub Records: energytemplatehl1  -> 7 (count)
5/17/2016 11:44 AM [  5]: Batch Sending Event Hub Records: energytemplatehl1  -> 7 (count)
5/17/2016 11:44 AM [  5]: Batch Sending Event Hub Records: energytemplatehl1  -> 7 (count)
5/17/2016 11:44 AM [  5]: Batch Sending Event Hub Records: energytemplatehl1  -> 7 (count)
5/17/2016 11:44 AM [  5]: Batch Sending Event Hub Records: energytemplatehl1  -> 7 (count)
5/17/2016 11:45 AM [  5]: Batch Sending Event Hub Records: energytemplatehl1  -> 7 (count)
5/17/2016 11:45 AM [  5]: Batch Sending Event Hub Records: energytemplatehl1  -> 7 (count)
5/17/2016 11:45 AM [  5]: Batch Sending Event Hub Records: energytemplatehl1  -> 7 (count)
5/17/2016 11:45 AM [  5]: Batch Sending Event Hub Records: energytemplatehl1  -> 7 (count)
5/17/2016 11:45 AM [  5]: Batch Sending Event Hub Records: energytemplatehl1  -> 7 (count)
5/17/2016 11:45 AM [  5]: Batch Sending Event Hub Records: energytemplatehl1  -> 7 (count)
5/17/2016 11:46 AM [  5]: Batch Sending Event Hub Records: energytemplatehl1  -> 7 (count)
5/17/2016 11:46 AM [  5]: Batch Sending Event Hub Records: energytemplatehl1  -> 7 (count)
5/17/2016 11:46 AM [  5]: Batch Sending Event Hub Records: energytemplatehl1  -> 7 (count)
5/17/2016 11:46 AM [  5]: Batch Sending Event Hub Records: energytemplatehl1  -> 7 (count)
5/17/2016 11:46 AM [  5]: Batch Sending Event Hub Records: energytemplatehl1  -> 7 (count)
5/17/2016 11:46 AM [  5]: Batch Sending Event Hub Records: energytemplatehl1  -> 7 (count)
5/17/2016 11:47 AM [  5]: Batch Sending Event Hub Records: energytemplatehl1  -> 7 (count)
5/17/2016 11:47 AM [  5]: Batch Sending Event Hub Records: energytemplatehl1  -> 7 (count)
5/17/2016 11:47 AM [  5]: Batch Sending Event Hub Records: energytemplatehl1  -> 7 (count)
5/17/2016 11:47 AM [  5]: Batch Sending Event Hub Records: energytemplatehl1  -> 7 (count)
5/17/2016 11:47 AM [  5]: Batch Sending Event Hub Records: energytemplatehl1  -> 7 (count)
5/17/2016 11:47 AM [  5]: Batch Sending Event Hub Records: energytemplatehl1  -> 7 (count)
5/17/2016 11:48 AM [  5]: Batch Sending Event Hub Records: energytemplatehl1  -> 7 (count)
5/17/2016 11:48 AM [  5]: Batch Sending Event Hub Records: energytemplatehl1  -> 7 (count)
5/17/2016 11:48 AM [  5]: Batch Sending Event Hub Records: energytemplatehl1  -> 7 (count)
5/17/2016 11:48 AM [  5]: Batch Sending Event Hub Records: energytemplatehl1  -> 7 (count)
5/17/2016 11:48 AM [  5]: Batch Sending Event Hub Records: energytemplatehl1  -> 7 (count)
5/17/2016 11:48 AM [  5]: Batch Sending Event Hub Records: energytemplatehl1  -> 7 (count)
5/17/2016 11:49 AM [  5]: Batch Sending Event Hub Records: energytemplatehl1  -> 7 (count)
5/17/2016 11:49 AM [  5]: Batch Sending Event Hub Records: energytemplatehl1  -> 7 (count)
5/17/2016 11:49 AM [  5]: Batch Sending Event Hub Records: energytemplatehl1  -> 7 (count)
5/17/2016 11:49 AM [  5]: Batch Sending Event Hub Records: energytemplatehl1  -> 7 (count)
5/17/2016 11:49 AM [  5]: Batch Sending Event Hub Records: energytemplatehl1  -> 7 (count)
5/17/2016 11:49 AM [  5]: Batch Sending Event Hub Records: energytemplatehl1  -> 7 (count)
5/17/2016 11:50 AM [  5]: Batch Sending Event Hub Records: energytemplatehl1  -> 7 (count)
5/17/2016 11:50 AM [  5]: Batch Sending Event Hub Records: energytemplatehl1  -> 7 (count)
5/17/2016 11:50 AM [  5]: Batch Sending Event Hub Records: energytemplatehl1  -> 7 (count)
5/17/2016 11:50 AM [  5]: Batch Sending Event Hub Records: energytemplatehl1  -> 7 (count)
5/17/2016 11:50 AM [  5]: Batch Sending Event Hub Records: energytemplatehl1  -> 7 (count)
5/17/2016 11:50 AM [  5]: Batch Sending Event Hub Records: energytemplatehl1  -> 7 (count)
5/17/2016 11:51 AM [  5]: Batch Sending Event Hub Records: energytemplatehl1  -> 7 (count)
5/17/2016 11:51 AM [  5]: Batch Sending Event Hub Records: energytemplatehl1  -> 7 (count)
5/17/2016 11:51 AM [  5]: Batch Sending Event Hub Records: energytemplatehl1  -> 7 (count)
5/17/2016 11:51 AM [  5]: Batch Sending Event Hub Records: energytemplatehl1  -> 7 (count)
5/17/2016 11:51 AM [  5]: Batch Sending Event Hub Records: energytemplatehl1  -> 7 (count)
5/17/2016 11:51 AM [  5]: Batch Sending Event Hub Records: energytemplatehl1  -> 7 (count)
5/17/2016 11:52 AM [  5]: Batch Sending Event Hub Records: energytemplatehl1  -> 7 (count)
5/17/2016 11:52 AM [  5]: Batch Sending Event Hub Records: energytemplatehl1  -> 7 (count)
5/17/2016 11:52 AM [  5]: Batch Sending Event Hub Records: energytemplatehl1  -> 7 (count)
5/17/2016 11:52 AM [  5]: Batch Sending Event Hub Records: energytemplatehl1  -> 7 (count)
5/17/2016 11:52 AM [  5]: Batch Sending Event Hub Records: energytemplatehl1  -> 7 (count)
5/17/2016 11:52 AM [  5]: Batch Sending Event Hub Records: energytemplatehl1  -> 7 (count)
5/17/2016 11:53 AM [  5]: Batch Sending Event Hub Records: energytemplatehl1  -> 7 (count)
5/17/2016 11:53 AM [  5]: Batch Sending Event Hub Records: energytemplatehl1  -> 7 (count)
5/17/2016 11:53 AM [  5]: Batch Sending Event Hub Records: energytemplatehl1  -> 7 (count)
5/17/2016 11:53 AM [  5]: Batch Sending Event Hub Records: energytemplatehl1  -> 7 (count)
5/17/2016 11:53 AM [  5]: Batch Sending Event Hub Records: energytemplatehl1  -> 7 (count)
5/17/2016 11:53 AM [  5]: Batch Sending Event Hub Records: energytemplatehl1  -> 7 (count)
5/17/2016 11:54 AM [  5]: Batch Sending Event Hub Records: energytemplatehl1  -> 7 (count)
5/17/2016 11:54 AM [  5]: Batch Sending Event Hub Records: energytemplatehl1  -> 7 (count)
5/17/2016 11:54 AM [  5]: Batch Sending Event Hub Records: energytemplatehl1  -> 7 (count)
5/17/2016 11:54 AM [  5]: Batch Sending Event Hub Records: energytemplatehl1  -> 7 (count)
5/17/2016 11:54 AM [  5]: Batch Sending Event Hub Records: energytemplatehl1  -> 7 (count)
5/17/2016 11:54 AM [  5]: Batch Sending Event Hub Records: energytemplatehl1  -> 7 (count)
5/17/2016 11:55 AM [  5]: Batch Sending Event Hub Records: energytemplatehl1  -> 7 (count)
5/17/2016 11:55 AM [  5]: Batch Sending Event Hub Records: energytemplatehl1  -> 7 (count)
5/17/2016 11:55 AM [  5]: Batch Sending Event Hub Records: energytemplatehl1  -> 7 (count)
5/17/2016 11:55 AM [  5]: Batch Sending Event Hub Records: energytemplatehl1  -> 7 (count)
5/17/2016 11:55 AM [  5]: Batch Sending Event Hub Records: energytemplatehl1  -> 7 (count)
5/17/2016 11:55 AM [  5]: Batch Sending Event Hub Records: energytemplatehl1  -> 7 (count)
5/17/2016 11:56 AM [  5]: Batch Sending Event Hub Records: energytemplatehl1  -> 7 (count)
5/17/2016 11:56 AM [  5]: Batch Sending Event Hub Records: energytemplatehl1  -> 7 (count)
5/17/2016 11:56 AM [  5]: Batch Sending Event Hub Records: energytemplatehl1  -> 7 (count)
5/17/2016 11:56 AM [  5]: Batch Sending Event Hub Records: energytemplatehl1  -> 7 (count)
5/17/2016 11:56 AM [  5]: Batch Sending Event Hub Records: energytemplatehl1  -> 7 (count)
5/17/2016 11:56 AM [  5]: Batch Sending Event Hub Records: energytemplatehl1  -> 7 (count)
5/17/2016 11:57 AM [  5]: Batch Sending Event Hub Records: energytemplatehl1  -> 7 (count)
5/17/2016 11:57 AM [  5]: Batch Sending Event Hub Records: energytemplatehl1  -> 7 (count)
5/17/2016 11:57 AM [  5]: Batch Sending Event Hub Records: energytemplatehl1  -> 7 (count)
5/17/2016 11:57 AM [  5]: Batch Sending Event Hub Records: energytemplatehl1  -> 7 (count)
5/17/2016 11:57 AM [  5]: Batch Sending Event Hub Records: energytemplatehl1  -> 7 (count)
5/17/2016 11:57 AM [  5]: Batch Sending Event Hub Records: energytemplatehl1  -> 7 (count)
5/17/2016 11:58 AM [  5]: Batch Sending Event Hub Records: energytemplatehl1  -> 7 (count)
5/17/2016 11:58 AM [  5]: Batch Sending Event Hub Records: energytemplatehl1  -> 7 (count)
5/17/2016 11:58 AM [  5]: Batch Sending Event Hub Records: energytemplatehl1  -> 7 (count)
5/17/2016 11:58 AM [  5]: Batch Sending Event Hub Records: energytemplatehl1  -> 7 (count)
5/17/2016 11:58 AM [  5]: Batch Sending Event Hub Records: energytemplatehl1  -> 7 (count)
5/17/2016 11:58 AM [  5]: Batch Sending Event Hub Records: energytemplatehl1  -> 7 (count)
5/17/2016 11:59 AM [  5]: Batch Sending Event Hub Records: energytemplatehl1  -> 7 (count)
5/17/2016 11:59 AM [  5]: Batch Sending Event Hub Records: energytemplatehl1  -> 7 (count)
5/17/2016 11:59 AM [  5]: Batch Sending Event Hub Records: energytemplatehl1  -> 7 (count)
5/17/2016 11:59 AM [  5]: Batch Sending Event Hub Records: energytemplatehl1  -> 7 (count)
5/17/2016 11:59 AM [  5]: Batch Sending Event Hub Records: energytemplatehl1  -> 7 (count)
5/17/2016 11:59 AM [  5]: Batch Sending Event Hub Records: energytemplatehl1  -> 7 (count)
5/17/2016 12:00 PM [  5]: Batch Sending Event Hub Records: energytemplatehl1  -> 7 (count)
5/17/2016 12:00 PM [  5]: Batch Sending Event Hub Records: energytemplatehl1  -> 7 (count)
5/17/2016 12:00 PM [  5]: Batch Sending Event Hub Records: energytemplatehl1  -> 7 (count)
5/17/2016 12:00 PM [  5]: Batch Sending Event Hub Records: energytemplatehl1  -> 7 (count)
5/17/2016 12:00 PM [  5]: Batch Sending Event Hub Records: energytemplatehl1  -> 7 (count)
5/17/2016 12:00 PM [  5]: Batch Sending Event Hub Records: energytemplatehl1  -> 7 (count)
5/17/2016 12:01 PM [  5]: Batch Sending Event Hub Records: energytemplatehl1  -> 7 (count)
5/17/2016 12:01 PM [  5]: Batch Sending Event Hub Records: energytemplatehl1  -> 7 (count)
5/17/2016 12:01 PM [  5]: Batch Sending Event Hub Records: energytemplatehl1  -> 7 (count)
5/17/2016 12:01 PM [  5]: Batch Sending Event Hub Records: energytemplatehl1  -> 7 (count)
5/17/2016 12:01 PM [  5]: Batch Sending Event Hub Records: energytemplatehl1  -> 7 (count)
5/17/2016 12:01 PM [  5]: Batch Sending Event Hub Records: energytemplatehl1  -> 7 (count)
5/17/2016 12:02 PM [  5]: Batch Sending Event Hub Records: energytemplatehl1  -> 7 (count)
5/17/2016 12:02 PM [  5]: Batch Sending Event Hub Records: energytemplatehl1  -> 7 (count)
5/17/2016 12:02 PM [  5]: Batch Sending Event Hub Records: energytemplatehl1  -> 7 (count)
5/17/2016 12:02 PM [  5]: Batch Sending Event Hub Records: energytemplatehl1  -> 7 (count)
5/17/2016 12:02 PM [  5]: Batch Sending Event Hub Records: energytemplatehl1  -> 7 (count)
5/17/2016 12:02 PM [  5]: Batch Sending Event Hub Records: energytemplatehl1  -> 7 (count)
5/17/2016 12:03 PM [  5]: Batch Sending Event Hub Records: energytemplatehl1  -> 7 (count)
5/17/2016 12:03 PM [  5]: Batch Sending Event Hub Records: energytemplatehl1  -> 7 (count)
5/17/2016 12:03 PM [  5]: Batch Sending Event Hub Records: energytemplatehl1  -> 7 (count)
5/17/2016 12:03 PM [  5]: Batch Sending Event Hub Records: energytemplatehl1  -> 7 (count)
5/17/2016 12:03 PM [  5]: Batch Sending Event Hub Records: energytemplatehl1  -> 7 (count)
5/17/2016 12:03 PM [  5]: Batch Sending Event Hub Records: energytemplatehl1  -> 7 (count)
5/17/2016 12:04 PM [  5]: Batch Sending Event Hub Records: energytemplatehl1  -> 7 (count)
5/17/2016 12:04 PM [  5]: Batch Sending Event Hub Records: energytemplatehl1  -> 7 (count)
5/17/2016 12:04 PM [  5]: Batch Sending Event Hub Records: energytemplatehl1  -> 7 (count)
5/17/2016 12:04 PM [  5]: Batch Sending Event Hub Records: energytemplatehl1  -> 7 (count)
5/17/2016 12:04 PM [  5]: Batch Sending Event Hub Records: energytemplatehl1  -> 7 (count)
5/17/2016 12:04 PM [  5]: Batch Sending Event Hub Records: energytemplatehl1  -> 7 (count)
5/17/2016 12:05 PM [  5]: Batch Sending Event Hub Records: energytemplatehl1  -> 7 (count)
5/17/2016 12:05 PM [  5]: Batch Sending Event Hub Records: energytemplatehl1  -> 7 (count)
5/17/2016 12:05 PM [  5]: Batch Sending Event Hub Records: energytemplatehl1  -> 7 (count)
5/17/2016 12:05 PM [  5]: Batch Sending Event Hub Records: energytemplatehl1  -> 7 (count)
5/17/2016 12:05 PM [  5]: Batch Sending Event Hub Records: energytemplatehl1  -> 7 (count)
5/17/2016 12:05 PM [  5]: Batch Sending Event Hub Records: energytemplatehl1  -> 7 (count)
5/17/2016 12:06 PM [  5]: Batch Sending Event Hub Records: energytemplatehl1  -> 7 (count)
5/17/2016 12:06 PM [  5]: Batch Sending Event Hub Records: energytemplatehl1  -> 7 (count)
5/17/2016 12:06 PM [  5]: Batch Sending Event Hub Records: energytemplatehl1  -> 7 (count)
5/17/2016 12:06 PM [  5]: Batch Sending Event Hub Records: energytemplatehl1  -> 7 (count)
5/17/2016 12:06 PM [  5]: Batch Sending Event Hub Records: energytemplatehl1  -> 7 (count)
5/17/2016 12:06 PM [  5]: Batch Sending Event Hub Records: energytemplatehl1  -> 7 (count)
5/17/2016 12:07 PM [  5]: Batch Sending Event Hub Records: energytemplatehl1  -> 7 (count)
5/17/2016 12:07 PM [  5]: Batch Sending Event Hub Records: energytemplatehl1  -> 7 (count)
5/17/2016 12:07 PM [  5]: Batch Sending Event Hub Records: energytemplatehl1  -> 7 (count)
5/17/2016 12:07 PM [  5]: Batch Sending Event Hub Records: energytemplatehl1  -> 7 (count)
5/17/2016 12:07 PM [  5]: Batch Sending Event Hub Records: energytemplatehl1  -> 7 (count)
5/17/2016 12:07 PM [  5]: Batch Sending Event Hub Records: energytemplatehl1  -> 7 (count)
5/17/2016 12:08 PM [  5]: Batch Sending Event Hub Records: energytemplatehl1  -> 7 (count)
5/17/2016 12:08 PM [  5]: Batch Sending Event Hub Records: energytemplatehl1  -> 7 (count)
5/17/2016 12:08 PM [  5]: Batch Sending Event Hub Records: energytemplatehl1  -> 7 (count)
5/17/2016 12:08 PM [  5]: Batch Sending Event Hub Records: energytemplatehl1  -> 7 (count)
5/17/2016 12:08 PM [  5]: Batch Sending Event Hub Records: energytemplatehl1  -> 7 (count)
5/17/2016 12:08 PM [  5]: Batch Sending Event Hub Records: energytemplatehl1  -> 7 (count)
5/17/2016 12:09 PM [  5]: Batch Sending Event Hub Records: energytemplatehl1  -> 7 (count)
5/17/2016 12:09 PM [  5]: Batch Sending Event Hub Records: energytemplatehl1  -> 7 (count)
5/17/2016 12:09 PM [  5]: Batch Sending Event Hub Records: energytemplatehl1  -> 7 (count)
5/17/2016 12:09 PM [  5]: Batch Sending Event Hub Records: energytemplatehl1  -> 7 (count)
5/17/2016 12:09 PM [  5]: Batch Sending Event Hub Records: energytemplatehl1  -> 7 (count)
5/17/2016 12:09 PM [  5]: Batch Sending Event Hub Records: energytemplatehl1  -> 7 (count)
5/17/2016 12:10 PM [  5]: Batch Sending Event Hub Records: energytemplatehl1  -> 7 (count)
5/17/2016 12:10 PM [  5]: Batch Sending Event Hub Records: energytemplatehl1  -> 7 (count)
5/17/2016 12:10 PM [  5]: Batch Sending Event Hub Records: energytemplatehl1  -> 7 (count)
5/17/2016 12:10 PM [  5]: Batch Sending Event Hub Records: energytemplatehl1  -> 7 (count)
5/17/2016 12:10 PM [  5]: Batch Sending Event Hub Records: energytemplatehl1  -> 7 (count)
5/17/2016 12:10 PM [  5]: Batch Sending Event Hub Records: energytemplatehl1  -> 7 (count)
5/17/2016 12:11 PM [  5]: Batch Sending Event Hub Records: energytemplatehl1  -> 7 (count)
5/17/2016 12:11 PM [  5]: Batch Sending Event Hub Records: energytemplatehl1  -> 7 (count)
5/17/2016 12:11 PM [  5]: Batch Sending Event Hub Records: energytemplatehl1  -> 7 (count)
5/17/2016 12:11 PM [  5]: Batch Sending Event Hub Records: energytemplatehl1  -> 7 (count)
5/17/2016 12:11 PM [  5]: Batch Sending Event Hub Records: energytemplatehl1  -> 7 (count)
5/17/2016 12:11 PM [  5]: Batch Sending Event Hub Records: energytemplatehl1  -> 7 (count)
5/17/2016 12:12 PM [  5]: Batch Sending Event Hub Records: energytemplatehl1  -> 7 (count)
5/17/2016 12:12 PM [  5]: Batch Sending Event Hub Records: energytemplatehl1  -> 7 (count)
5/17/2016 12:12 PM [  5]: Batch Sending Event Hub Records: energytemplatehl1  -> 7 (count)
5/17/2016 12:12 PM [  5]: Batch Sending Event Hub Records: energytemplatehl1  -> 7 (count)
5/17/2016 12:12 PM [  5]: Batch Sending Event Hub Records: energytemplatehl1  -> 7 (count)
5/17/2016 12:12 PM [  5]: Batch Sending Event Hub Records: energytemplatehl1  -> 7 (count)
5/17/2016 12:13 PM [  5]: Batch Sending Event Hub Records: energytemplatehl1  -> 7 (count)
5/17/2016 12:13 PM [  5]: Batch Sending Event Hub Records: energytemplatehl1  -> 7 (count)
5/17/2016 12:13 PM [  5]: Batch Sending Event Hub Records: energytemplatehl1  -> 7 (count)
5/17/2016 12:13 PM [  5]: Batch Sending Event Hub Records: energytemplatehl1  -> 7 (count)
5/17/2016 12:13 PM [  5]: Batch Sending Event Hub Records: energytemplatehl1  -> 7 (count)
5/17/2016 12:13 PM [  5]: Batch Sending Event Hub Records: energytemplatehl1  -> 7 (count)
5/17/2016 12:14 PM [  5]: Batch Sending Event Hub Records: energytemplatehl1  -> 7 (count)
5/17/2016 12:14 PM [  5]: Batch Sending Event Hub Records: energytemplatehl1  -> 7 (count)
5/17/2016 12:14 PM [  5]: Batch Sending Event Hub Records: energytemplatehl1  -> 7 (count)
5/17/2016 12:14 PM [  5]: Batch Sending Event Hub Records: energytemplatehl1  -> 7 (count)
5/17/2016 12:14 PM [  5]: Batch Sending Event Hub Records: energytemplatehl1  -> 7 (count)
5/17/2016 12:14 PM [  5]: Batch Sending Event Hub Records: energytemplatehl1  -> 7 (count)
5/17/2016 12:15 PM [  5]: Batch Sending Event Hub Records: energytemplatehl1  -> 7 (count)
5/17/2016 12:15 PM [  5]: Batch Sending Event Hub Records: energytemplatehl1  -> 7 (count)
5/17/2016 12:15 PM [  5]: Batch Sending Event Hub Records: energytemplatehl1  -> 7 (count)
5/17/2016 12:15 PM [  5]: Batch Sending Event Hub Records: energytemplatehl1  -> 7 (count)
5/17/2016 12:15 PM [  5]: Batch Sending Event Hub Records: energytemplatehl1  -> 7 (count)
5/17/2016 12:15 PM [  5]: Batch Sending Event Hub Records: energytemplatehl1  -> 7 (count)
5/17/2016 12:16 PM [  5]: Batch Sending Event Hub Records: energytemplatehl1  -> 7 (count)
5/17/2016 12:16 PM [  5]: Batch Sending Event Hub Records: energytemplatehl1  -> 7 (count)
5/17/2016 12:16 PM [  5]: Batch Sending Event Hub Records: energytemplatehl1  -> 7 (count)
5/17/2016 12:16 PM [  5]: Batch Sending Event Hub Records: energytemplatehl1  -> 7 (count)
5/17/2016 12:16 PM [  5]: Batch Sending Event Hub Records: energytemplatehl1  -> 7 (count)
5/17/2016 12:16 PM [  5]: Batch Sending Event Hub Records: energytemplatehl1  -> 7 (count)
5/17/2016 12:17 PM [  5]: Batch Sending Event Hub Records: energytemplatehl1  -> 7 (count)
5/17/2016 12:17 PM [  5]: Batch Sending Event Hub Records: energytemplatehl1  -> 7 (count)
5/17/2016 12:17 PM [  5]: Batch Sending Event Hub Records: energytemplatehl1  -> 7 (count)
5/17/2016 12:17 PM [  5]: Batch Sending Event Hub Records: energytemplatehl1  -> 7 (count)
5/17/2016 12:17 PM [  5]: Batch Sending Event Hub Records: energytemplatehl1  -> 7 (count)
5/17/2016 12:17 PM [  5]: Batch Sending Event Hub Records: energytemplatehl1  -> 7 (count)
5/17/2016 12:18 PM [  5]: Batch Sending Event Hub Records: energytemplatehl1  -> 7 (count)
5/17/2016 12:18 PM [  5]: Batch Sending Event Hub Records: energytemplatehl1  -> 7 (count)
5/17/2016 12:18 PM [  5]: Batch Sending Event Hub Records: energytemplatehl1  -> 7 (count)
5/17/2016 12:18 PM [  5]: Batch Sending Event Hub Records: energytemplatehl1  -> 7 (count)
5/17/2016 12:18 PM [  5]: Batch Sending Event Hub Records: energytemplatehl1  -> 7 (count)
5/17/2016 12:18 PM [  5]: Batch Sending Event Hub Records: energytemplatehl1  -> 7 (count)
5/17/2016 12:19 PM [  5]: Batch Sending Event Hub Records: energytemplatehl1  -> 7 (count)
5/17/2016 12:19 PM [  5]: Batch Sending Event Hub Records: energytemplatehl1  -> 7 (count)
5/17/2016 12:19 PM [  5]: Batch Sending Event Hub Records: energytemplatehl1  -> 7 (count)
5/17/2016 12:19 PM [  5]: Batch Sending Event Hub Records: energytemplatehl1  -> 7 (count)
5/17/2016 12:19 PM [  5]: Batch Sending Event Hub Records: energytemplatehl1  -> 7 (count)
5/17/2016 12:19 PM [  5]: Batch Sending Event Hub Records: energytemplatehl1  -> 7 (count)
5/17/2016 12:20 PM [  5]: Batch Sending Event Hub Records: energytemplatehl1  -> 7 (count)
5/17/2016 12:20 PM [  5]: Batch Sending Event Hub Records: energytemplatehl1  -> 7 (count)
5/17/2016 12:20 PM [  5]: Batch Sending Event Hub Records: energytemplatehl1  -> 7 (count)
5/17/2016 12:20 PM [  5]: Batch Sending Event Hub Records: energytemplatehl1  -> 7 (count)
5/17/2016 12:20 PM [  5]: Batch Sending Event Hub Records: energytemplatehl1  -> 7 (count)
5/17/2016 12:20 PM [  5]: Batch Sending Event Hub Records: energytemplatehl1  -> 7 (count)
5/17/2016 12:21 PM [  5]: Batch Sending Event Hub Records: energytemplatehl1  -> 7 (count)
5/17/2016 12:21 PM [  5]: Batch Sending Event Hub Records: energytemplatehl1  -> 7 (count)
5/17/2016 12:21 PM [  5]: Batch Sending Event Hub Records: energytemplatehl1  -> 7 (count)
5/17/2016 12:21 PM [  5]: Batch Sending Event Hub Records: energytemplatehl1  -> 7 (count)
5/17/2016 12:21 PM [  5]: Batch Sending Event Hub Records: energytemplatehl1  -> 7 (count)
5/17/2016 12:21 PM [  5]: Batch Sending Event Hub Records: energytemplatehl1  -> 7 (count)
5/17/2016 12:22 PM [  5]: Batch Sending Event Hub Records: energytemplatehl1  -> 7 (count)
5/17/2016 12:22 PM [  5]: Batch Sending Event Hub Records: energytemplatehl1  -> 7 (count)
5/17/2016 12:22 PM [  5]: Batch Sending Event Hub Records: energytemplatehl1  -> 7 (count)
5/17/2016 12:22 PM [  5]: Batch Sending Event Hub Records: energytemplatehl1  -> 7 (count)
5/17/2016 12:22 PM [  5]: Batch Sending Event Hub Records: energytemplatehl1  -> 7 (count)
5/17/2016 12:22 PM [  5]: Batch Sending Event Hub Records: energytemplatehl1  -> 7 (count)
5/17/2016 12:23 PM [  5]: Batch Sending Event Hub Records: energytemplatehl1  -> 7 (count)
5/17/2016 12:23 PM [  5]: Batch Sending Event Hub Records: energytemplatehl1  -> 7 (count)
5/17/2016 12:23 PM [  5]: Batch Sending Event Hub Records: energytemplatehl1  -> 7 (count)
5/17/2016 12:23 PM [  5]: Batch Sending Event Hub Records: energytemplatehl1  -> 7 (count)
5/17/2016 12:23 PM [  5]: Batch Sending Event Hub Records: energytemplatehl1  -> 7 (count)
5/17/2016 12:23 PM [  5]: Batch Sending Event Hub Records: energytemplatehl1  -> 7 (count)
5/17/2016 12:24 PM [  5]: Batch Sending Event Hub Records: energytemplatehl1  -> 7 (count)
5/17/2016 12:24 PM [  5]: Batch Sending Event Hub Records: energytemplatehl1  -> 7 (count)
5/17/2016 12:24 PM [  5]: Batch Sending Event Hub Records: energytemplatehl1  -> 7 (count)
5/17/2016 12:24 PM [  5]: Batch Sending Event Hub Records: energytemplatehl1  -> 7 (count)
5/17/2016 12:24 PM [  5]: Batch Sending Event Hub Records: energytemplatehl1  -> 7 (count)
5/17/2016 12:24 PM [  5]: Batch Sending Event Hub Records: energytemplatehl1  -> 7 (count)
5/17/2016 12:25 PM [  5]: Batch Sending Event Hub Records: energytemplatehl1  -> 7 (count)
5/17/2016 12:25 PM [  5]: Batch Sending Event Hub Records: energytemplatehl1  -> 7 (count)
5/17/2016 12:25 PM [  5]: Batch Sending Event Hub Records: energytemplatehl1  -> 7 (count)
5/17/2016 12:25 PM [  5]: Batch Sending Event Hub Records: energytemplatehl1  -> 7 (count)
5/17/2016 12:25 PM [  5]: Batch Sending Event Hub Records: energytemplatehl1  -> 7 (count)
5/17/2016 12:25 PM [  5]: Batch Sending Event Hub Records: energytemplatehl1  -> 7 (count)
5/17/2016 12:26 PM [  5]: Batch Sending Event Hub Records: energytemplatehl1  -> 7 (count)
5/17/2016 12:26 PM [  5]: Batch Sending Event Hub Records: energytemplatehl1  -> 7 (count)
5/17/2016 12:26 PM [  5]: Batch Sending Event Hub Records: energytemplatehl1  -> 7 (count)
5/17/2016 12:26 PM [  5]: Batch Sending Event Hub Records: energytemplatehl1  -> 7 (count)
5/17/2016 12:26 PM [  5]: Batch Sending Event Hub Records: energytemplatehl1  -> 7 (count)
5/17/2016 12:26 PM [  5]: Batch Sending Event Hub Records: energytemplatehl1  -> 7 (count)
5/17/2016 12:27 PM [  5]: Batch Sending Event Hub Records: energytemplatehl1  -> 7 (count)
5/17/2016 12:27 PM [  5]: Batch Sending Event Hub Records: energytemplatehl1  -> 7 (count)
5/17/2016 12:27 PM [  5]: Batch Sending Event Hub Records: energytemplatehl1  -> 7 (count)
5/17/2016 12:27 PM [  5]: Batch Sending Event Hub Records: energytemplatehl1  -> 7 (count)
5/17/2016 12:27 PM [  5]: Batch Sending Event Hub Records: energytemplatehl1  -> 7 (count)
5/17/2016 12:27 PM [  5]: Batch Sending Event Hub Records: energytemplatehl1  -> 7 (count)
5/17/2016 12:28 PM [  5]: Batch Sending Event Hub Records: energytemplatehl1  -> 7 (count)
5/17/2016 12:28 PM [  5]: Batch Sending Event Hub Records: energytemplatehl1  -> 7 (count)
5/17/2016 12:28 PM [  5]: Batch Sending Event Hub Records: energytemplatehl1  -> 7 (count)
5/17/2016 12:28 PM [  5]: Batch Sending Event Hub Records: energytemplatehl1  -> 7 (count)
5/17/2016 12:28 PM [  5]: Batch Sending Event Hub Records: energytemplatehl1  -> 7 (count)
5/17/2016 12:28 PM [  5]: Batch Sending Event Hub Records: energytemplatehl1  -> 7 (count)
5/17/2016 12:29 PM [  5]: Batch Sending Event Hub Records: energytemplatehl1  -> 7 (count)
5/17/2016 12:29 PM [  5]: Batch Sending Event Hub Records: energytemplatehl1  -> 7 (count)
5/17/2016 12:29 PM [  5]: Batch Sending Event Hub Records: energytemplatehl1  -> 7 (count)
5/17/2016 12:29 PM [  5]: Batch Sending Event Hub Records: energytemplatehl1  -> 7 (count)
5/17/2016 12:29 PM [  5]: Batch Sending Event Hub Records: energytemplatehl1  -> 7 (count)
5/17/2016 12:29 PM [  5]: Batch Sending Event Hub Records: energytemplatehl1  -> 7 (count)
5/17/2016 12:30 PM [  5]: Batch Sending Event Hub Records: energytemplatehl1  -> 7 (count)
5/17/2016 12:30 PM [  5]: Batch Sending Event Hub Records: energytemplatehl1  -> 7 (count)
5/17/2016 12:30 PM [  5]: Batch Sending Event Hub Records: energytemplatehl1  -> 7 (count)
5/17/2016 12:30 PM [  5]: Batch Sending Event Hub Records: energytemplatehl1  -> 7 (count)
5/17/2016 12:30 PM [  5]: Batch Sending Event Hub Records: energytemplatehl1  -> 7 (count)
5/17/2016 12:30 PM [  5]: Batch Sending Event Hub Records: energytemplatehl1  -> 7 (count)
5/17/2016 12:31 PM [  5]: Batch Sending Event Hub Records: energytemplatehl1  -> 7 (count)
5/17/2016 12:31 PM [  5]: Batch Sending Event Hub Records: energytemplatehl1  -> 7 (count)
5/17/2016 12:31 PM [  5]: Batch Sending Event Hub Records: energytemplatehl1  -> 7 (count)
5/17/2016 12:31 PM [  5]: Batch Sending Event Hub Records: energytemplatehl1  -> 7 (count)
5/17/2016 12:31 PM [  5]: Batch Sending Event Hub Records: energytemplatehl1  -> 7 (count)
5/17/2016 12:31 PM [  5]: Batch Sending Event Hub Records: energytemplatehl1  -> 7 (count)
5/17/2016 12:32 PM [  5]: Batch Sending Event Hub Records: energytemplatehl1  -> 7 (count)
5/17/2016 12:32 PM [  5]: Batch Sending Event Hub Records: energytemplatehl1  -> 7 (count)
5/17/2016 12:32 PM [  5]: Batch Sending Event Hub Records: energytemplatehl1  -> 7 (count)
5/17/2016 12:32 PM [  5]: Batch Sending Event Hub Records: energytemplatehl1  -> 7 (count)
5/17/2016 12:32 PM [  5]: Batch Sending Event Hub Records: energytemplatehl1  -> 7 (count)
5/17/2016 12:32 PM [  5]: Batch Sending Event Hub Records: energytemplatehl1  -> 7 (count)
5/17/2016 12:33 PM [  5]: Batch Sending Event Hub Records: energytemplatehl1  -> 7 (count)
5/17/2016 12:33 PM [  5]: Batch Sending Event Hub Records: energytemplatehl1  -> 7 (count)
5/17/2016 12:33 PM [  5]: Batch Sending Event Hub Records: energytemplatehl1  -> 7 (count)
5/17/2016 12:33 PM [  5]: Batch Sending Event Hub Records: energytemplatehl1  -> 7 (count)
5/17/2016 12:33 PM [  5]: Batch Sending Event Hub Records: energytemplatehl1  -> 7 (count)
5/17/2016 12:33 PM [  5]: Batch Sending Event Hub Records: energytemplatehl1  -> 7 (count)
5/17/2016 12:34 PM [  5]: Batch Sending Event Hub Records: energytemplatehl1  -> 7 (count)
5/17/2016 12:34 PM [  5]: Batch Sending Event Hub Records: energytemplatehl1  -> 7 (count)
5/17/2016 12:34 PM [  5]: Batch Sending Event Hub Records: energytemplatehl1  -> 7 (count)
5/17/2016 12:34 PM [  5]: Batch Sending Event Hub Records: energytemplatehl1  -> 7 (count)
5/17/2016 12:34 PM [  5]: Batch Sending Event Hub Records: energytemplatehl1  -> 7 (count)
5/17/2016 12:34 PM [  5]: Batch Sending Event Hub Records: energytemplatehl1  -> 7 (count)
5/17/2016 12:35 PM [  5]: Batch Sending Event Hub Records: energytemplatehl1  -> 7 (count)
5/17/2016 12:35 PM [  5]: Batch Sending Event Hub Records: energytemplatehl1  -> 7 (count)
5/17/2016 12:35 PM [  5]: Batch Sending Event Hub Records: energytemplatehl1  -> 7 (count)
5/17/2016 12:35 PM [  5]: Batch Sending Event Hub Records: energytemplatehl1  -> 7 (count)
5/17/2016 12:35 PM [  5]: Batch Sending Event Hub Records: energytemplatehl1  -> 7 (count)
5/17/2016 12:35 PM [  5]: Batch Sending Event Hub Records: energytemplatehl1  -> 7 (count)
5/17/2016 12:36 PM [  5]: Batch Sending Event Hub Records: energytemplatehl1  -> 7 (count)
5/17/2016 12:36 PM [  5]: Batch Sending Event Hub Records: energytemplatehl1  -> 7 (count)
5/17/2016 12:36 PM [  5]: Batch Sending Event Hub Records: energytemplatehl1  -> 7 (count)
5/17/2016 12:36 PM [  5]: Batch Sending Event Hub Records: energytemplatehl1  -> 7 (count)
5/17/2016 12:36 PM [  5]: Batch Sending Event Hub Records: energytemplatehl1  -> 7 (count)
5/17/2016 12:36 PM [  5]: Batch Sending Event Hub Records: energytemplatehl1  -> 7 (count)
5/17/2016 12:37 PM [  5]: Batch Sending Event Hub Records: energytemplatehl1  -> 7 (count)
5/17/2016 12:37 PM [  5]: Batch Sending Event Hub Records: energytemplatehl1  -> 7 (count)
5/17/2016 12:37 PM [  5]: Batch Sending Event Hub Records: energytemplatehl1  -> 7 (count)
5/17/2016 12:37 PM [  5]: Batch Sending Event Hub Records: energytemplatehl1  -> 7 (count)
5/17/2016 12:37 PM [  5]: Batch Sending Event Hub Records: energytemplatehl1  -> 7 (count)
5/17/2016 12:37 PM [  5]: Batch Sending Event Hub Records: energytemplatehl1  -> 7 (count)
5/17/2016 12:38 PM [  5]: Batch Sending Event Hub Records: energytemplatehl1  -> 7 (count)
5/17/2016 12:38 PM [  5]: Batch Sending Event Hub Records: energytemplatehl1  -> 7 (count)
5/17/2016 12:38 PM [  5]: Batch Sending Event Hub Records: energytemplatehl1  -> 7 (count)
5/17/2016 12:38 PM [  5]: Batch Sending Event Hub Records: energytemplatehl1  -> 7 (count)
5/17/2016 12:38 PM [  5]: Batch Sending Event Hub Records: energytemplatehl1  -> 7 (count)
5/17/2016 12:38 PM [  5]: Batch Sending Event Hub Records: energytemplatehl1  -> 7 (count)
5/17/2016 12:39 PM [  5]: Batch Sending Event Hub Records: energytemplatehl1  -> 7 (count)
5/17/2016 12:39 PM [  5]: Batch Sending Event Hub Records: energytemplatehl1  -> 7 (count)
5/17/2016 12:39 PM [  5]: Batch Sending Event Hub Records: energytemplatehl1  -> 7 (count)
5/17/2016 12:39 PM [  5]: Batch Sending Event Hub Records: energytemplatehl1  -> 7 (count)
5/17/2016 12:39 PM [  5]: Batch Sending Event Hub Records: energytemplatehl1  -> 7 (count)
5/17/2016 12:39 PM [  5]: Batch Sending Event Hub Records: energytemplatehl1  -> 7 (count)
5/17/2016 12:40 PM [  5]: Batch Sending Event Hub Records: energytemplatehl1  -> 7 (count)
5/17/2016 12:40 PM [  5]: Batch Sending Event Hub Records: energytemplatehl1  -> 7 (count)
5/17/2016 12:40 PM [  5]: Batch Sending Event Hub Records: energytemplatehl1  -> 7 (count)
5/17/2016 12:40 PM [  5]: Batch Sending Event Hub Records: energytemplatehl1  -> 7 (count)
5/17/2016 12:40 PM [  5]: Batch Sending Event Hub Records: energytemplatehl1  -> 7 (count)
5/17/2016 12:40 PM [  5]: Batch Sending Event Hub Records: energytemplatehl1  -> 7 (count)
5/17/2016 12:41 PM [  5]: Batch Sending Event Hub Records: energytemplatehl1  -> 7 (count)
5/17/2016 12:41 PM [  5]: Batch Sending Event Hub Records: energytemplatehl1  -> 7 (count)
5/17/2016 12:41 PM [  5]: Batch Sending Event Hub Records: energytemplatehl1  -> 7 (count)
5/17/2016 12:41 PM [  5]: Batch Sending Event Hub Records: energytemplatehl1  -> 7 (count)
5/17/2016 12:41 PM [  5]: Batch Sending Event Hub Records: energytemplatehl1  -> 7 (count)
5/17/2016 12:41 PM [  5]: Batch Sending Event Hub Records: energytemplatehl1  -> 7 (count)
5/17/2016 12:42 PM [  5]: Batch Sending Event Hub Records: energytemplatehl1  -> 7 (count)
5/17/2016 12:42 PM [  5]: Batch Sending Event Hub Records: energytemplatehl1  -> 7 (count)
5/17/2016 12:42 PM [  5]: Batch Sending Event Hub Records: energytemplatehl1  -> 7 (count)
5/17/2016 12:42 PM [  5]: Batch Sending Event Hub Records: energytemplatehl1  -> 7 (count)
5/17/2016 12:42 PM [  5]: Batch Sending Event Hub Records: energytemplatehl1  -> 7 (count)
5/17/2016 12:42 PM [  5]: Batch Sending Event Hub Records: energytemplatehl1  -> 7 (count)
5/17/2016 12:43 PM [  5]: Batch Sending Event Hub Records: energytemplatehl1  -> 7 (count)
5/17/2016 12:43 PM [  5]: Batch Sending Event Hub Records: energytemplatehl1  -> 7 (count)
5/17/2016 12:43 PM [  5]: Batch Sending Event Hub Records: energytemplatehl1  -> 7 (count)
5/17/2016 12:43 PM [  5]: Batch Sending Event Hub Records: energytemplatehl1  -> 7 (count)
5/17/2016 12:43 PM [  5]: Batch Sending Event Hub Records: energytemplatehl1  -> 7 (count)
5/17/2016 12:43 PM [  5]: Batch Sending Event Hub Records: energytemplatehl1  -> 7 (count)
5/17/2016 12:44 PM [  5]: Batch Sending Event Hub Records: energytemplatehl1  -> 7 (count)
5/17/2016 12:44 PM [  5]: Batch Sending Event Hub Records: energytemplatehl1  -> 7 (count)
5/17/2016 12:44 PM [  5]: Batch Sending Event Hub Records: energytemplatehl1  -> 7 (count)
5/17/2016 12:44 PM [  5]: Batch Sending Event Hub Records: energytemplatehl1  -> 7 (count)
5/17/2016 12:44 PM [  5]: Batch Sending Event Hub Records: energytemplatehl1  -> 7 (count)
5/17/2016 12:44 PM [  5]: Batch Sending Event Hub Records: energytemplatehl1  -> 7 (count)
5/17/2016 12:45 PM [  5]: Batch Sending Event Hub Records: energytemplatehl1  -> 7 (count)
5/17/2016 12:45 PM [  5]: Batch Sending Event Hub Records: energytemplatehl1  -> 7 (count)
5/17/2016 12:45 PM [  5]: Batch Sending Event Hub Records: energytemplatehl1  -> 7 (count)
5/17/2016 12:45 PM [  5]: Batch Sending Event Hub Records: energytemplatehl1  -> 7 (count)
5/17/2016 12:45 PM [  5]: Batch Sending Event Hub Records: energytemplatehl1  -> 7 (count)
5/17/2016 12:45 PM [  5]: Batch Sending Event Hub Records: energytemplatehl1  -> 7 (count)
5/17/2016 12:46 PM [  5]: Batch Sending Event Hub Records: energytemplatehl1  -> 7 (count)
5/17/2016 12:46 PM [  5]: Batch Sending Event Hub Records: energytemplatehl1  -> 7 (count)
5/17/2016 12:46 PM [  5]: Batch Sending Event Hub Records: energytemplatehl1  -> 7 (count)
5/17/2016 12:46 PM [  5]: Batch Sending Event Hub Records: energytemplatehl1  -> 7 (count)
5/17/2016 12:46 PM [  5]: Batch Sending Event Hub Records: energytemplatehl1  -> 7 (count)
5/17/2016 12:46 PM [  5]: Batch Sending Event Hub Records: energytemplatehl1  -> 7 (count)
5/17/2016 12:47 PM [  5]: Batch Sending Event Hub Records: energytemplatehl1  -> 7 (count)
5/17/2016 12:47 PM [  5]: Batch Sending Event Hub Records: energytemplatehl1  -> 7 (count)
5/17/2016 12:47 PM [  5]: Batch Sending Event Hub Records: energytemplatehl1  -> 7 (count)
5/17/2016 12:47 PM [  5]: Batch Sending Event Hub Records: energytemplatehl1  -> 7 (count)
5/17/2016 12:47 PM [  5]: Batch Sending Event Hub Records: energytemplatehl1  -> 7 (count)
5/17/2016 12:47 PM [  5]: Batch Sending Event Hub Records: energytemplatehl1  -> 7 (count)
5/17/2016 12:48 PM [  5]: Batch Sending Event Hub Records: energytemplatehl1  -> 7 (count)
5/17/2016 12:48 PM [  5]: Batch Sending Event Hub Records: energytemplatehl1  -> 7 (count)
5/17/2016 12:48 PM [  5]: Batch Sending Event Hub Records: energytemplatehl1  -> 7 (count)
5/17/2016 12:48 PM [  5]: Batch Sending Event Hub Records: energytemplatehl1  -> 7 (count)
5/17/2016 12:48 PM [  5]: Batch Sending Event Hub Records: energytemplatehl1  -> 7 (count)
5/17/2016 12:48 PM [  5]: Batch Sending Event Hub Records: energytemplatehl1  -> 7 (count)
5/17/2016 12:48 PM [  5]: Batch Sending Event Hub Records: energytemplatehl1  -> 7 (count)
5/17/2016 12:49 PM [  5]: Batch Sending Event Hub Records: energytemplatehl1  -> 7 (count)
5/17/2016 12:49 PM [  5]: Batch Sending Event Hub Records: energytemplatehl1  -> 7 (count)
5/17/2016 12:49 PM [  5]: Batch Sending Event Hub Records: energytemplatehl1  -> 7 (count)
5/17/2016 12:49 PM [  5]: Batch Sending Event Hub Records: energytemplatehl1  -> 7 (count)
5/17/2016 12:49 PM [  5]: Batch Sending Event Hub Records: energytemplatehl1  -> 7 (count)
5/17/2016 12:50 PM [  5]: Batch Sending Event Hub Records: energytemplatehl1  -> 7 (count)
5/17/2016 12:50 PM [  5]: Batch Sending Event Hub Records: energytemplatehl1  -> 7 (count)
5/17/2016 12:50 PM [  5]: Batch Sending Event Hub Records: energytemplatehl1  -> 7 (count)
5/17/2016 12:50 PM [  5]: Batch Sending Event Hub Records: energytemplatehl1  -> 7 (count)
5/17/2016 12:50 PM [  5]: Batch Sending Event Hub Records: energytemplatehl1  -> 7 (count)
5/17/2016 12:50 PM [  5]: Batch Sending Event Hub Records: energytemplatehl1  -> 7 (count)
5/17/2016 12:51 PM [  5]: Batch Sending Event Hub Records: energytemplatehl1  -> 7 (count)
5/17/2016 12:51 PM [  5]: Batch Sending Event Hub Records: energytemplatehl1  -> 7 (count)
5/17/2016 12:51 PM [  5]: Batch Sending Event Hub Records: energytemplatehl1  -> 7 (count)
5/17/2016 12:51 PM [  5]: Batch Sending Event Hub Records: energytemplatehl1  -> 7 (count)
5/17/2016 12:51 PM [  5]: Batch Sending Event Hub Records: energytemplatehl1  -> 7 (count)
5/17/2016 12:51 PM [  5]: Batch Sending Event Hub Records: energytemplatehl1  -> 7 (count)
5/17/2016 12:51 PM [  5]: Batch Sending Event Hub Records: energytemplatehl1  -> 7 (count)
5/17/2016 12:52 PM [  5]: Batch Sending Event Hub Records: energytemplatehl1  -> 7 (count)
5/17/2016 12:52 PM [  5]: Batch Sending Event Hub Records: energytemplatehl1  -> 7 (count)
5/17/2016 12:52 PM [  5]: Batch Sending Event Hub Records: energytemplatehl1  -> 7 (count)
5/17/2016 12:52 PM [  5]: Batch Sending Event Hub Records: energytemplatehl1  -> 7 (count)
5/17/2016 12:52 PM [  5]: Batch Sending Event Hub Records: energytemplatehl1  -> 7 (count)
5/17/2016 12:53 PM [  5]: Batch Sending Event Hub Records: energytemplatehl1  -> 7 (count)
5/17/2016 12:53 PM [  5]: Batch Sending Event Hub Records: energytemplatehl1  -> 7 (count)
5/17/2016 12:53 PM [  5]: Batch Sending Event Hub Records: energytemplatehl1  -> 7 (count)
5/17/2016 12:53 PM [  5]: Batch Sending Event Hub Records: energytemplatehl1  -> 7 (count)
5/17/2016 12:53 PM [  5]: Batch Sending Event Hub Records: energytemplatehl1  -> 7 (count)
5/17/2016 12:53 PM [  5]: Batch Sending Event Hub Records: energytemplatehl1  -> 7 (count)
5/17/2016 12:54 PM [  5]: Batch Sending Event Hub Records: energytemplatehl1  -> 7 (count)
5/17/2016 12:54 PM [  5]: Batch Sending Event Hub Records: energytemplatehl1  -> 7 (count)
5/17/2016 12:54 PM [  5]: Batch Sending Event Hub Records: energytemplatehl1  -> 7 (count)
5/17/2016 12:54 PM [  5]: Batch Sending Event Hub Records: energytemplatehl1  -> 7 (count)
5/17/2016 12:54 PM [  5]: Batch Sending Event Hub Records: energytemplatehl1  -> 7 (count)
5/17/2016 12:54 PM [  5]: Batch Sending Event Hub Records: energytemplatehl1  -> 7 (count)
5/17/2016 12:55 PM [  5]: Batch Sending Event Hub Records: energytemplatehl1  -> 7 (count)
5/17/2016 12:55 PM [  5]: Batch Sending Event Hub Records: energytemplatehl1  -> 7 (count)
5/17/2016 12:55 PM [  5]: Batch Sending Event Hub Records: energytemplatehl1  -> 7 (count)
5/17/2016 12:55 PM [  5]: Batch Sending Event Hub Records: energytemplatehl1  -> 7 (count)
5/17/2016 12:55 PM [  5]: Batch Sending Event Hub Records: energytemplatehl1  -> 7 (count)
5/17/2016 12:55 PM [  5]: Batch Sending Event Hub Records: energytemplatehl1  -> 7 (count)
5/17/2016 12:56 PM [  5]: Batch Sending Event Hub Records: energytemplatehl1  -> 7 (count)
5/17/2016 12:56 PM [  5]: Batch Sending Event Hub Records: energytemplatehl1  -> 7 (count)
5/17/2016 12:56 PM [  5]: Batch Sending Event Hub Records: energytemplatehl1  -> 7 (count)
5/17/2016 12:56 PM [  5]: Batch Sending Event Hub Records: energytemplatehl1  -> 7 (count)
5/17/2016 12:56 PM [  5]: Batch Sending Event Hub Records: energytemplatehl1  -> 7 (count)
5/17/2016 12:56 PM [  5]: Batch Sending Event Hub Records: energytemplatehl1  -> 7 (count)
5/17/2016 12:57 PM [  5]: Batch Sending Event Hub Records: energytemplatehl1  -> 7 (count)
5/17/2016 12:57 PM [  5]: Batch Sending Event Hub Records: energytemplatehl1  -> 7 (count)
5/17/2016 12:57 PM [  5]: Batch Sending Event Hub Records: energytemplatehl1  -> 7 (count)
5/17/2016 12:57 PM [  5]: Batch Sending Event Hub Records: energytemplatehl1  -> 7 (count)
5/17/2016 12:57 PM [  5]: Batch Sending Event Hub Records: energytemplatehl1  -> 7 (count)
5/17/2016 12:57 PM [  5]: Batch Sending Event Hub Records: energytemplatehl1  -> 7 (count)
5/17/2016 12:58 PM [  5]: Batch Sending Event Hub Records: energytemplatehl1  -> 7 (count)
5/17/2016 12:58 PM [  5]: Batch Sending Event Hub Records: energytemplatehl1  -> 7 (count)
5/17/2016 12:58 PM [  5]: Batch Sending Event Hub Records: energytemplatehl1  -> 7 (count)
5/17/2016 12:58 PM [  5]: Batch Sending Event Hub Records: energytemplatehl1  -> 7 (count)
5/17/2016 12:58 PM [  5]: Batch Sending Event Hub Records: energytemplatehl1  -> 7 (count)
5/17/2016 12:58 PM [  5]: Batch Sending Event Hub Records: energytemplatehl1  -> 7 (count)
5/17/2016 12:59 PM [  5]: Batch Sending Event Hub Records: energytemplatehl1  -> 7 (count)
5/17/2016 12:59 PM [  5]: Batch Sending Event Hub Records: energytemplatehl1  -> 7 (count)
5/17/2016 12:59 PM [  5]: Batch Sending Event Hub Records: energytemplatehl1  -> 7 (count)
5/17/2016 12:59 PM [  5]: Batch Sending Event Hub Records: energytemplatehl1  -> 7 (count)
5/17/2016 12:59 PM [  5]: Batch Sending Event Hub Records: energytemplatehl1  -> 7 (count)
5/17/2016 12:59 PM [  5]: Batch Sending Event Hub Records: energytemplatehl1  -> 7 (count)
5/17/2016 1:00 PM [  5]: Batch Sending Event Hub Records: energytemplatehl1  -> 7 (count)
5/17/2016 1:00 PM [  5]: Batch Sending Event Hub Records: energytemplatehl1  -> 7 (count)
5/17/2016 1:00 PM [  5]: Batch Sending Event Hub Records: energytemplatehl1  -> 7 (count)
5/17/2016 1:00 PM [  5]: Batch Sending Event Hub Records: energytemplatehl1  -> 7 (count)
5/17/2016 1:00 PM [  5]: Batch Sending Event Hub Records: energytemplatehl1  -> 7 (count)
5/17/2016 1:00 PM [  5]: Batch Sending Event Hub Records: energytemplatehl1  -> 7 (count)
5/17/2016 1:01 PM [  5]: Batch Sending Event Hub Records: energytemplatehl1  -> 7 (count)
5/17/2016 1:01 PM [  5]: Batch Sending Event Hub Records: energytemplatehl1  -> 7 (count)
5/17/2016 1:01 PM [  5]: Batch Sending Event Hub Records: energytemplatehl1  -> 7 (count)
5/17/2016 1:01 PM [  5]: Batch Sending Event Hub Records: energytemplatehl1  -> 7 (count)
5/17/2016 1:01 PM [  5]: Batch Sending Event Hub Records: energytemplatehl1  -> 7 (count)
5/17/2016 1:01 PM [  5]: Batch Sending Event Hub Records: energytemplatehl1  -> 7 (count)
5/17/2016 1:02 PM [  5]: Batch Sending Event Hub Records: energytemplatehl1  -> 7 (count)
5/17/2016 1:02 PM [  5]: Batch Sending Event Hub Records: energytemplatehl1  -> 7 (count)
5/17/2016 1:02 PM [  5]: Batch Sending Event Hub Records: energytemplatehl1  -> 7 (count)
5/17/2016 1:02 PM [  5]: Batch Sending Event Hub Records: energytemplatehl1  -> 7 (count)
5/17/2016 1:02 PM [  5]: Batch Sending Event Hub Records: energytemplatehl1  -> 7 (count)
5/17/2016 1:02 PM [  5]: Batch Sending Event Hub Records: energytemplatehl1  -> 7 (count)
5/17/2016 1:03 PM [  5]: Batch Sending Event Hub Records: energytemplatehl1  -> 7 (count)
5/17/2016 1:03 PM [  5]: Batch Sending Event Hub Records: energytemplatehl1  -> 7 (count)
5/17/2016 1:03 PM [  5]: Batch Sending Event Hub Records: energytemplatehl1  -> 7 (count)
5/17/2016 1:03 PM [  5]: Batch Sending Event Hub Records: energytemplatehl1  -> 7 (count)
5/17/2016 1:03 PM [  5]: Batch Sending Event Hub Records: energytemplatehl1  -> 7 (count)
5/17/2016 1:03 PM [  5]: Batch Sending Event Hub Records: energytemplatehl1  -> 7 (count)
5/17/2016 1:04 PM [  5]: Batch Sending Event Hub Records: energytemplatehl1  -> 7 (count)
5/17/2016 1:04 PM [  5]: Batch Sending Event Hub Records: energytemplatehl1  -> 7 (count)
5/17/2016 1:04 PM [  5]: Batch Sending Event Hub Records: energytemplatehl1  -> 7 (count)
5/17/2016 1:04 PM [  5]: Batch Sending Event Hub Records: energytemplatehl1  -> 7 (count)
5/17/2016 1:04 PM [  5]: Batch Sending Event Hub Records: energytemplatehl1  -> 7 (count)
5/17/2016 1:04 PM [  5]: Batch Sending Event Hub Records: energytemplatehl1  -> 7 (count)
5/17/2016 1:05 PM [  5]: Batch Sending Event Hub Records: energytemplatehl1  -> 7 (count)
5/17/2016 1:05 PM [  5]: Batch Sending Event Hub Records: energytemplatehl1  -> 7 (count)
5/17/2016 1:05 PM [  5]: Batch Sending Event Hub Records: energytemplatehl1  -> 7 (count)
5/17/2016 1:05 PM [  5]: Batch Sending Event Hub Records: energytemplatehl1  -> 7 (count)
5/17/2016 1:05 PM [  5]: Batch Sending Event Hub Records: energytemplatehl1  -> 7 (count)
5/17/2016 1:05 PM [  5]: Batch Sending Event Hub Records: energytemplatehl1  -> 7 (count)
5/17/2016 1:06 PM [  5]: Batch Sending Event Hub Records: energytemplatehl1  -> 7 (count)
5/17/2016 1:06 PM [  5]: Batch Sending Event Hub Records: energytemplatehl1  -> 7 (count)
5/17/2016 1:06 PM [  5]: Batch Sending Event Hub Records: energytemplatehl1  -> 7 (count)
5/17/2016 1:06 PM [  5]: Batch Sending Event Hub Records: energytemplatehl1  -> 7 (count)
5/17/2016 1:06 PM [  5]: Batch Sending Event Hub Records: energytemplatehl1  -> 7 (count)
5/17/2016 1:06 PM [  5]: Batch Sending Event Hub Records: energytemplatehl1  -> 7 (count)
5/17/2016 1:07 PM [  5]: Batch Sending Event Hub Records: energytemplatehl1  -> 7 (count)
5/17/2016 1:07 PM [  5]: Batch Sending Event Hub Records: energytemplatehl1  -> 7 (count)
5/17/2016 1:07 PM [  5]: Batch Sending Event Hub Records: energytemplatehl1  -> 7 (count)
5/17/2016 1:07 PM [  5]: Batch Sending Event Hub Records: energytemplatehl1  -> 7 (count)
5/17/2016 1:07 PM [  5]: Batch Sending Event Hub Records: energytemplatehl1  -> 7 (count)
5/17/2016 1:07 PM [  5]: Batch Sending Event Hub Records: energytemplatehl1  -> 7 (count)
5/17/2016 1:08 PM [  5]: Batch Sending Event Hub Records: energytemplatehl1  -> 7 (count)
5/17/2016 1:08 PM [  5]: Batch Sending Event Hub Records: energytemplatehl1  -> 7 (count)
5/17/2016 1:08 PM [  5]: Batch Sending Event Hub Records: energytemplatehl1  -> 7 (count)
5/17/2016 1:08 PM [  5]: Batch Sending Event Hub Records: energytemplatehl1  -> 7 (count)
5/17/2016 1:08 PM [  5]: Batch Sending Event Hub Records: energytemplatehl1  -> 7 (count)
5/17/2016 1:08 PM [  5]: Batch Sending Event Hub Records: energytemplatehl1  -> 7 (count)
5/17/2016 1:09 PM [  5]: Batch Sending Event Hub Records: energytemplatehl1  -> 7 (count)
5/17/2016 1:09 PM [  5]: Batch Sending Event Hub Records: energytemplatehl1  -> 7 (count)
5/17/2016 1:09 PM [  5]: Batch Sending Event Hub Records: energytemplatehl1  -> 7 (count)
5/17/2016 1:09 PM [  5]: Batch Sending Event Hub Records: energytemplatehl1  -> 7 (count)
5/17/2016 1:09 PM [  5]: Batch Sending Event Hub Records: energytemplatehl1  -> 7 (count)
5/17/2016 1:09 PM [  5]: Batch Sending Event Hub Records: energytemplatehl1  -> 7 (count)
5/17/2016 1:10 PM [  5]: Batch Sending Event Hub Records: energytemplatehl1  -> 7 (count)
5/17/2016 1:10 PM [  5]: Batch Sending Event Hub Records: energytemplatehl1  -> 7 (count)
5/17/2016 1:10 PM [  5]: Batch Sending Event Hub Records: energytemplatehl1  -> 7 (count)
5/17/2016 1:10 PM [  5]: Batch Sending Event Hub Records: energytemplatehl1  -> 7 (count)
5/17/2016 1:10 PM [  5]: Batch Sending Event Hub Records: energytemplatehl1  -> 7 (count)
5/17/2016 1:10 PM [  5]: Batch Sending Event Hub Records: energytemplatehl1  -> 7 (count)
5/17/2016 1:11 PM [  5]: Batch Sending Event Hub Records: energytemplatehl1  -> 7 (count)
5/17/2016 1:11 PM [  5]: Batch Sending Event Hub Records: energytemplatehl1  -> 7 (count)
5/17/2016 1:11 PM [  5]: Batch Sending Event Hub Records: energytemplatehl1  -> 7 (count)
5/17/2016 1:11 PM [  5]: Batch Sending Event Hub Records: energytemplatehl1  -> 7 (count)
5/17/2016 1:11 PM [  5]: Batch Sending Event Hub Records: energytemplatehl1  -> 7 (count)
5/17/2016 1:11 PM [  5]: Batch Sending Event Hub Records: energytemplatehl1  -> 7 (count)
5/17/2016 1:12 PM [  5]: Batch Sending Event Hub Records: energytemplatehl1  -> 7 (count)
5/17/2016 1:12 PM [  5]: Batch Sending Event Hub Records: energytemplatehl1  -> 7 (count)
5/17/2016 1:12 PM [  5]: Batch Sending Event Hub Records: energytemplatehl1  -> 7 (count)
5/17/2016 1:12 PM [  5]: Batch Sending Event Hub Records: energytemplatehl1  -> 7 (count)
5/17/2016 1:12 PM [  5]: Batch Sending Event Hub Records: energytemplatehl1  -> 7 (count)
5/17/2016 1:12 PM [  5]: Batch Sending Event Hub Records: energytemplatehl1  -> 7 (count)
5/17/2016 1:13 PM [  5]: Batch Sending Event Hub Records: energytemplatehl1  -> 7 (count)
5/17/2016 1:13 PM [  5]: Batch Sending Event Hub Records: energytemplatehl1  -> 7 (count)
5/17/2016 1:13 PM [  5]: Batch Sending Event Hub Records: energytemplatehl1  -> 7 (count)
5/17/2016 1:13 PM [  5]: Batch Sending Event Hub Records: energytemplatehl1  -> 7 (count)
5/17/2016 1:13 PM [  5]: Batch Sending Event Hub Records: energytemplatehl1  -> 7 (count)
5/17/2016 1:13 PM [  5]: Batch Sending Event Hub Records: energytemplatehl1  -> 7 (count)
5/17/2016 1:14 PM [  5]: Batch Sending Event Hub Records: energytemplatehl1  -> 7 (count)
5/17/2016 1:14 PM [  5]: Batch Sending Event Hub Records: energytemplatehl1  -> 7 (count)
5/17/2016 1:14 PM [  5]: Batch Sending Event Hub Records: energytemplatehl1  -> 7 (count)
5/17/2016 1:14 PM [  5]: Batch Sending Event Hub Records: energytemplatehl1  -> 7 (count)
5/17/2016 1:14 PM [  5]: Batch Sending Event Hub Records: energytemplatehl1  -> 7 (count)
5/17/2016 1:14 PM [  5]: Batch Sending Event Hub Records: energytemplatehl1  -> 7 (count)
5/17/2016 1:15 PM [  5]: Batch Sending Event Hub Records: energytemplatehl1  -> 7 (count)
5/17/2016 1:15 PM [  5]: Batch Sending Event Hub Records: energytemplatehl1  -> 7 (count)
5/17/2016 1:15 PM [  5]: Batch Sending Event Hub Records: energytemplatehl1  -> 7 (count)
5/17/2016 1:15 PM [  5]: Batch Sending Event Hub Records: energytemplatehl1  -> 7 (count)
5/17/2016 1:15 PM [  5]: Batch Sending Event Hub Records: energytemplatehl1  -> 7 (count)
5/17/2016 1:15 PM [  5]: Batch Sending Event Hub Records: energytemplatehl1  -> 7 (count)
5/17/2016 1:16 PM [  5]: Batch Sending Event Hub Records: energytemplatehl1  -> 7 (count)
5/17/2016 1:16 PM [  5]: Batch Sending Event Hub Records: energytemplatehl1  -> 7 (count)
5/17/2016 1:16 PM [  5]: Batch Sending Event Hub Records: energytemplatehl1  -> 7 (count)
5/17/2016 1:16 PM [  5]: Batch Sending Event Hub Records: energytemplatehl1  -> 7 (count)
5/17/2016 1:16 PM [  5]: Batch Sending Event Hub Records: energytemplatehl1  -> 7 (count)
5/17/2016 1:16 PM [  5]: Batch Sending Event Hub Records: energytemplatehl1  -> 7 (count)
5/17/2016 1:17 PM [  5]: Batch Sending Event Hub Records: energytemplatehl1  -> 7 (count)
5/17/2016 1:17 PM [  5]: Batch Sending Event Hub Records: energytemplatehl1  -> 7 (count)
5/17/2016 1:17 PM [  5]: Batch Sending Event Hub Records: energytemplatehl1  -> 7 (count)
5/17/2016 1:17 PM [  5]: Batch Sending Event Hub Records: energytemplatehl1  -> 7 (count)
5/17/2016 1:17 PM [  5]: Batch Sending Event Hub Records: energytemplatehl1  -> 7 (count)
5/17/2016 1:17 PM [  5]: Batch Sending Event Hub Records: energytemplatehl1  -> 7 (count)
5/17/2016 1:18 PM [  5]: Batch Sending Event Hub Records: energytemplatehl1  -> 7 (count)
5/17/2016 1:18 PM [  5]: Batch Sending Event Hub Records: energytemplatehl1  -> 7 (count)
5/17/2016 1:18 PM [  5]: Batch Sending Event Hub Records: energytemplatehl1  -> 7 (count)
5/17/2016 1:18 PM [  5]: Batch Sending Event Hub Records: energytemplatehl1  -> 7 (count)
5/17/2016 1:18 PM [  5]: Batch Sending Event Hub Records: energytemplatehl1  -> 7 (count)
5/17/2016 1:18 PM [  5]: Batch Sending Event Hub Records: energytemplatehl1  -> 7 (count)
5/17/2016 1:19 PM [  5]: Batch Sending Event Hub Records: energytemplatehl1  -> 7 (count)
5/17/2016 1:19 PM [  5]: Batch Sending Event Hub Records: energytemplatehl1  -> 7 (count)
5/17/2016 1:19 PM [  5]: Batch Sending Event Hub Records: energytemplatehl1  -> 7 (count)
5/17/2016 1:19 PM [  5]: Batch Sending Event Hub Records: energytemplatehl1  -> 7 (count)
5/17/2016 1:19 PM [  5]: Batch Sending Event Hub Records: energytemplatehl1  -> 7 (count)
5/17/2016 1:19 PM [  5]: Batch Sending Event Hub Records: energytemplatehl1  -> 7 (count)
5/17/2016 1:20 PM [  5]: Batch Sending Event Hub Records: energytemplatehl1  -> 7 (count)
5/17/2016 1:20 PM [  5]: Batch Sending Event Hub Records: energytemplatehl1  -> 7 (count)
5/17/2016 1:20 PM [  5]: Batch Sending Event Hub Records: energytemplatehl1  -> 7 (count)
5/17/2016 1:20 PM [  5]: Batch Sending Event Hub Records: energytemplatehl1  -> 7 (count)
5/17/2016 1:20 PM [  5]: Batch Sending Event Hub Records: energytemplatehl1  -> 7 (count)
5/17/2016 1:20 PM [  5]: Batch Sending Event Hub Records: energytemplatehl1  -> 7 (count)
5/17/2016 1:21 PM [  5]: Batch Sending Event Hub Records: energytemplatehl1  -> 7 (count)
5/17/2016 1:21 PM [  5]: Batch Sending Event Hub Records: energytemplatehl1  -> 7 (count)
5/17/2016 1:21 PM [  5]: Batch Sending Event Hub Records: energytemplatehl1  -> 7 (count)
5/17/2016 1:21 PM [  5]: Batch Sending Event Hub Records: energytemplatehl1  -> 7 (count)
5/17/2016 1:21 PM [  5]: Batch Sending Event Hub Records: energytemplatehl1  -> 7 (count)
5/17/2016 1:21 PM [  5]: Batch Sending Event Hub Records: energytemplatehl1  -> 7 (count)
5/17/2016 1:22 PM [  5]: Batch Sending Event Hub Records: energytemplatehl1  -> 7 (count)
5/17/2016 1:22 PM [  5]: Batch Sending Event Hub Records: energytemplatehl1  -> 7 (count)
5/17/2016 1:22 PM [  5]: Batch Sending Event Hub Records: energytemplatehl1  -> 7 (count)
5/17/2016 1:22 PM [  5]: Batch Sending Event Hub Records: energytemplatehl1  -> 7 (count)
5/17/2016 1:22 PM [  5]: Batch Sending Event Hub Records: energytemplatehl1  -> 7 (count)
5/17/2016 1:22 PM [  5]: Batch Sending Event Hub Records: energytemplatehl1  -> 7 (count)
5/17/2016 1:23 PM [  5]: Batch Sending Event Hub Records: energytemplatehl1  -> 7 (count)
5/17/2016 1:23 PM [  5]: Batch Sending Event Hub Records: energytemplatehl1  -> 7 (count)
5/17/2016 1:23 PM [  5]: Batch Sending Event Hub Records: energytemplatehl1  -> 7 (count)
5/17/2016 1:23 PM [  5]: Batch Sending Event Hub Records: energytemplatehl1  -> 7 (count)
5/17/2016 1:23 PM [  5]: Batch Sending Event Hub Records: energytemplatehl1  -> 7 (count)
5/17/2016 1:23 PM [  5]: Batch Sending Event Hub Records: energytemplatehl1  -> 7 (count)
5/17/2016 1:24 PM [  5]: Batch Sending Event Hub Records: energytemplatehl1  -> 7 (count)
5/17/2016 1:24 PM [  5]: Batch Sending Event Hub Records: energytemplatehl1  -> 7 (count)
5/17/2016 1:24 PM [  5]: Batch Sending Event Hub Records: energytemplatehl1  -> 7 (count)
5/17/2016 1:24 PM [  5]: Batch Sending Event Hub Records: energytemplatehl1  -> 7 (count)
5/17/2016 1:24 PM [  5]: Batch Sending Event Hub Records: energytemplatehl1  -> 7 (count)
5/17/2016 1:24 PM [  5]: Batch Sending Event Hub Records: energytemplatehl1  -> 7 (count)
5/17/2016 1:25 PM [  5]: Batch Sending Event Hub Records: energytemplatehl1  -> 7 (count)
5/17/2016 1:25 PM [  5]: Batch Sending Event Hub Records: energytemplatehl1  -> 7 (count)
5/17/2016 1:25 PM [  5]: Batch Sending Event Hub Records: energytemplatehl1  -> 7 (count)
5/17/2016 1:25 PM [  5]: Batch Sending Event Hub Records: energytemplatehl1  -> 7 (count)
5/17/2016 1:25 PM [  5]: Batch Sending Event Hub Records: energytemplatehl1  -> 7 (count)
5/17/2016 1:25 PM [  5]: Batch Sending Event Hub Records: energytemplatehl1  -> 7 (count)
5/17/2016 1:26 PM [  5]: Batch Sending Event Hub Records: energytemplatehl1  -> 7 (count)
5/17/2016 1:26 PM [  5]: Batch Sending Event Hub Records: energytemplatehl1  -> 7 (count)
5/17/2016 1:26 PM [  5]: Batch Sending Event Hub Records: energytemplatehl1  -> 7 (count)
5/17/2016 1:26 PM [  5]: Batch Sending Event Hub Records: energytemplatehl1  -> 7 (count)
5/17/2016 1:26 PM [  5]: Batch Sending Event Hub Records: energytemplatehl1  -> 7 (count)
5/17/2016 1:26 PM [  5]: Batch Sending Event Hub Records: energytemplatehl1  -> 7 (count)
5/17/2016 1:27 PM [  5]: Batch Sending Event Hub Records: energytemplatehl1  -> 7 (count)
5/17/2016 1:27 PM [  5]: Batch Sending Event Hub Records: energytemplatehl1  -> 7 (count)
5/17/2016 1:27 PM [  5]: Batch Sending Event Hub Records: energytemplatehl1  -> 7 (count)
5/17/2016 1:27 PM [  5]: Batch Sending Event Hub Records: energytemplatehl1  -> 7 (count)
5/17/2016 1:27 PM [  5]: Batch Sending Event Hub Records: energytemplatehl1  -> 7 (count)
5/17/2016 1:27 PM [  5]: Batch Sending Event Hub Records: energytemplatehl1  -> 7 (count)
5/17/2016 1:28 PM [  5]: Batch Sending Event Hub Records: energytemplatehl1  -> 7 (count)
5/17/2016 1:28 PM [  5]: Batch Sending Event Hub Records: energytemplatehl1  -> 7 (count)
5/17/2016 1:28 PM [  5]: Batch Sending Event Hub Records: energytemplatehl1  -> 7 (count)
5/17/2016 1:28 PM [  5]: Batch Sending Event Hub Records: energytemplatehl1  -> 7 (count)
5/17/2016 1:28 PM [  5]: Batch Sending Event Hub Records: energytemplatehl1  -> 7 (count)
5/17/2016 1:28 PM [  5]: Batch Sending Event Hub Records: energytemplatehl1  -> 7 (count)
5/17/2016 1:29 PM [  5]: Batch Sending Event Hub Records: energytemplatehl1  -> 7 (count)
5/17/2016 1:29 PM [  5]: Batch Sending Event Hub Records: energytemplatehl1  -> 7 (count)
5/17/2016 1:29 PM [  5]: Batch Sending Event Hub Records: energytemplatehl1  -> 7 (count)
5/17/2016 1:29 PM [  5]: Batch Sending Event Hub Records: energytemplatehl1  -> 7 (count)
5/17/2016 1:29 PM [  5]: Batch Sending Event Hub Records: energytemplatehl1  -> 7 (count)
5/17/2016 1:29 PM [  5]: Batch Sending Event Hub Records: energytemplatehl1  -> 7 (count)
5/17/2016 1:30 PM [  5]: Batch Sending Event Hub Records: energytemplatehl1  -> 7 (count)
5/17/2016 1:30 PM [  5]: Batch Sending Event Hub Records: energytemplatehl1  -> 7 (count)
5/17/2016 1:30 PM [  5]: Batch Sending Event Hub Records: energytemplatehl1  -> 7 (count)
5/17/2016 1:30 PM [  5]: Batch Sending Event Hub Records: energytemplatehl1  -> 7 (count)
5/17/2016 1:30 PM [  5]: Batch Sending Event Hub Records: energytemplatehl1  -> 7 (count)
5/17/2016 1:30 PM [  5]: Batch Sending Event Hub Records: energytemplatehl1  -> 7 (count)
5/17/2016 1:31 PM [  5]: Batch Sending Event Hub Records: energytemplatehl1  -> 7 (count)
5/17/2016 1:31 PM [  5]: Batch Sending Event Hub Records: energytemplatehl1  -> 7 (count)
5/17/2016 1:31 PM [  5]: Batch Sending Event Hub Records: energytemplatehl1  -> 7 (count)
5/17/2016 1:31 PM [  5]: Batch Sending Event Hub Records: energytemplatehl1  -> 7 (count)
5/17/2016 1:31 PM [  5]: Batch Sending Event Hub Records: energytemplatehl1  -> 7 (count)
5/17/2016 1:31 PM [  5]: Batch Sending Event Hub Records: energytemplatehl1  -> 7 (count)
5/17/2016 1:32 PM [  5]: Batch Sending Event Hub Records: energytemplatehl1  -> 7 (count)
5/17/2016 1:32 PM [  5]: Batch Sending Event Hub Records: energytemplatehl1  -> 7 (count)
5/17/2016 1:32 PM [  5]: Batch Sending Event Hub Records: energytemplatehl1  -> 7 (count)
5/17/2016 1:32 PM [  5]: Batch Sending Event Hub Records: energytemplatehl1  -> 7 (count)
5/17/2016 1:32 PM [  5]: Batch Sending Event Hub Records: energytemplatehl1  -> 7 (count)
5/17/2016 1:32 PM [  5]: Batch Sending Event Hub Records: energytemplatehl1  -> 7 (count)
5/17/2016 1:33 PM [  5]: Batch Sending Event Hub Records: energytemplatehl1  -> 7 (count)
5/17/2016 1:33 PM [  5]: Batch Sending Event Hub Records: energytemplatehl1  -> 7 (count)
5/17/2016 1:33 PM [  5]: Batch Sending Event Hub Records: energytemplatehl1  -> 7 (count)
5/17/2016 1:33 PM [  5]: Batch Sending Event Hub Records: energytemplatehl1  -> 7 (count)
5/17/2016 1:33 PM [  5]: Batch Sending Event Hub Records: energytemplatehl1  -> 7 (count)
5/17/2016 1:33 PM [  5]: Batch Sending Event Hub Records: energytemplatehl1  -> 7 (count)
5/17/2016 1:34 PM [  5]: Batch Sending Event Hub Records: energytemplatehl1  -> 7 (count)
5/17/2016 1:34 PM [  5]: Batch Sending Event Hub Records: energytemplatehl1  -> 7 (count)
5/17/2016 1:34 PM [  5]: Batch Sending Event Hub Records: energytemplatehl1  -> 7 (count)
5/17/2016 1:34 PM [  5]: Batch Sending Event Hub Records: energytemplatehl1  -> 7 (count)
5/17/2016 1:34 PM [  5]: Batch Sending Event Hub Records: energytemplatehl1  -> 7 (count)
5/17/2016 1:34 PM [  5]: Batch Sending Event Hub Records: energytemplatehl1  -> 7 (count)
5/17/2016 1:35 PM [  5]: Batch Sending Event Hub Records: energytemplatehl1  -> 7 (count)
5/17/2016 1:35 PM [  5]: Batch Sending Event Hub Records: energytemplatehl1  -> 7 (count)
5/17/2016 1:35 PM [  5]: Batch Sending Event Hub Records: energytemplatehl1  -> 7 (count)
5/17/2016 1:35 PM [  5]: Batch Sending Event Hub Records: energytemplatehl1  -> 7 (count)
5/17/2016 1:35 PM [  5]: Batch Sending Event Hub Records: energytemplatehl1  -> 7 (count)
5/17/2016 1:35 PM [  5]: Batch Sending Event Hub Records: energytemplatehl1  -> 7 (count)
5/17/2016 1:36 PM [  5]: Batch Sending Event Hub Records: energytemplatehl1  -> 7 (count)
5/17/2016 1:36 PM [  5]: Batch Sending Event Hub Records: energytemplatehl1  -> 7 (count)
5/17/2016 1:36 PM [  5]: Batch Sending Event Hub Records: energytemplatehl1  -> 7 (count)
5/17/2016 1:36 PM [  5]: Batch Sending Event Hub Records: energytemplatehl1  -> 7 (count)
5/17/2016 1:36 PM [  5]: Batch Sending Event Hub Records: energytemplatehl1  -> 7 (count)
5/17/2016 1:36 PM [  5]: Batch Sending Event Hub Records: energytemplatehl1  -> 7 (count)
5/17/2016 1:37 PM [  5]: Batch Sending Event Hub Records: energytemplatehl1  -> 7 (count)
5/17/2016 1:37 PM [  5]: Batch Sending Event Hub Records: energytemplatehl1  -> 7 (count)
5/17/2016 1:37 PM [  5]: Batch Sending Event Hub Records: energytemplatehl1  -> 7 (count)
5/17/2016 1:37 PM [  5]: Batch Sending Event Hub Records: energytemplatehl1  -> 7 (count)
5/17/2016 1:37 PM [  5]: Batch Sending Event Hub Records: energytemplatehl1  -> 7 (count)
5/17/2016 1:37 PM [  5]: Batch Sending Event Hub Records: energytemplatehl1  -> 7 (count)
5/17/2016 1:38 PM [  5]: Batch Sending Event Hub Records: energytemplatehl1  -> 7 (count)
5/17/2016 1:38 PM [  5]: Batch Sending Event Hub Records: energytemplatehl1  -> 7 (count)
5/17/2016 1:38 PM [  5]: Batch Sending Event Hub Records: energytemplatehl1  -> 7 (count)
5/17/2016 1:38 PM [  5]: Batch Sending Event Hub Records: energytemplatehl1  -> 7 (count)
5/17/2016 1:38 PM [  5]: Batch Sending Event Hub Records: energytemplatehl1  -> 7 (count)
5/17/2016 1:38 PM [  5]: Batch Sending Event Hub Records: energytemplatehl1  -> 7 (count)
5/17/2016 1:39 PM [  5]: Batch Sending Event Hub Records: energytemplatehl1  -> 7 (count)
5/17/2016 1:39 PM [  5]: Batch Sending Event Hub Records: energytemplatehl1  -> 7 (count)
5/17/2016 1:39 PM [  5]: Batch Sending Event Hub Records: energytemplatehl1  -> 7 (count)
5/17/2016 1:39 PM [  5]: Batch Sending Event Hub Records: energytemplatehl1  -> 7 (count)
5/17/2016 1:39 PM [  5]: Batch Sending Event Hub Records: energytemplatehl1  -> 7 (count)
5/17/2016 1:39 PM [  5]: Batch Sending Event Hub Records: energytemplatehl1  -> 7 (count)
5/17/2016 1:40 PM [  5]: Batch Sending Event Hub Records: energytemplatehl1  -> 7 (count)
5/17/2016 1:40 PM [  5]: Batch Sending Event Hub Records: energytemplatehl1  -> 7 (count)
5/17/2016 1:40 PM [  5]: Batch Sending Event Hub Records: energytemplatehl1  -> 7 (count)
5/17/2016 1:40 PM [  5]: Batch Sending Event Hub Records: energytemplatehl1  -> 7 (count)
5/17/2016 1:40 PM [  5]: Batch Sending Event Hub Records: energytemplatehl1  -> 7 (count)
5/17/2016 1:40 PM [  5]: Batch Sending Event Hub Records: energytemplatehl1  -> 7 (count)
5/17/2016 1:41 PM [  5]: Batch Sending Event Hub Records: energytemplatehl1  -> 7 (count)
5/17/2016 1:41 PM [  5]: Batch Sending Event Hub Records: energytemplatehl1  -> 7 (count)
5/17/2016 1:41 PM [  5]: Batch Sending Event Hub Records: energytemplatehl1  -> 7 (count)
5/17/2016 1:41 PM [  5]: Batch Sending Event Hub Records: energytemplatehl1  -> 7 (count)
5/17/2016 1:41 PM [  5]: Batch Sending Event Hub Records: energytemplatehl1  -> 7 (count)
5/17/2016 1:41 PM [  5]: Batch Sending Event Hub Records: energytemplatehl1  -> 7 (count)
5/17/2016 1:42 PM [  5]: Batch Sending Event Hub Records: energytemplatehl1  -> 7 (count)
5/17/2016 1:42 PM [  5]: Batch Sending Event Hub Records: energytemplatehl1  -> 7 (count)
5/17/2016 1:42 PM [  5]: Batch Sending Event Hub Records: energytemplatehl1  -> 7 (count)
5/17/2016 1:42 PM [  5]: Batch Sending Event Hub Records: energytemplatehl1  -> 7 (count)
5/17/2016 1:42 PM [  5]: Batch Sending Event Hub Records: energytemplatehl1  -> 7 (count)
5/17/2016 1:42 PM [  5]: Batch Sending Event Hub Records: energytemplatehl1  -> 7 (count)
5/17/2016 1:43 PM [  5]: Batch Sending Event Hub Records: energytemplatehl1  -> 7 (count)
5/17/2016 1:43 PM [  5]: Batch Sending Event Hub Records: energytemplatehl1  -> 7 (count)
5/17/2016 1:43 PM [  5]: Batch Sending Event Hub Records: energytemplatehl1  -> 7 (count)
5/17/2016 1:43 PM [  5]: Batch Sending Event Hub Records: energytemplatehl1  -> 7 (count)
5/17/2016 1:43 PM [  5]: Batch Sending Event Hub Records: energytemplatehl1  -> 7 (count)
5/17/2016 1:43 PM [  5]: Batch Sending Event Hub Records: energytemplatehl1  -> 7 (count)
5/17/2016 1:44 PM [  5]: Batch Sending Event Hub Records: energytemplatehl1  -> 7 (count)
5/17/2016 1:44 PM [  5]: Batch Sending Event Hub Records: energytemplatehl1  -> 7 (count)
5/17/2016 1:44 PM [  5]: Batch Sending Event Hub Records: energytemplatehl1  -> 7 (count)
5/17/2016 1:44 PM [  5]: Batch Sending Event Hub Records: energytemplatehl1  -> 7 (count)
5/17/2016 1:44 PM [  5]: Batch Sending Event Hub Records: energytemplatehl1  -> 7 (count)
5/17/2016 1:44 PM [  5]: Batch Sending Event Hub Records: energytemplatehl1  -> 7 (count)
5/17/2016 1:45 PM [  5]: Batch Sending Event Hub Records: energytemplatehl1  -> 7 (count)
5/17/2016 1:45 PM [  5]: Batch Sending Event Hub Records: energytemplatehl1  -> 7 (count)
5/17/2016 1:45 PM [  5]: Batch Sending Event Hub Records: energytemplatehl1  -> 7 (count)
5/17/2016 1:45 PM [  5]: Batch Sending Event Hub Records: energytemplatehl1  -> 7 (count)
5/17/2016 1:45 PM [  5]: Batch Sending Event Hub Records: energytemplatehl1  -> 7 (count)
5/17/2016 1:45 PM [  5]: Batch Sending Event Hub Records: energytemplatehl1  -> 7 (count)
5/17/2016 1:46 PM [  5]: Batch Sending Event Hub Records: energytemplatehl1  -> 7 (count)
5/17/2016 1:46 PM [  5]: Batch Sending Event Hub Records: energytemplatehl1  -> 7 (count)
5/17/2016 1:46 PM [  5]: Batch Sending Event Hub Records: energytemplatehl1  -> 7 (count)
5/17/2016 1:46 PM [  5]: Batch Sending Event Hub Records: energytemplatehl1  -> 7 (count)
5/17/2016 1:46 PM [  5]: Batch Sending Event Hub Records: energytemplatehl1  -> 7 (count)
5/17/2016 1:46 PM [  5]: Batch Sending Event Hub Records: energytemplatehl1  -> 7 (count)
5/17/2016 1:47 PM [  5]: Batch Sending Event Hub Records: energytemplatehl1  -> 7 (count)
5/17/2016 1:47 PM [  5]: Batch Sending Event Hub Records: energytemplatehl1  -> 7 (count)
5/17/2016 1:47 PM [  5]: Batch Sending Event Hub Records: energytemplatehl1  -> 7 (count)
5/17/2016 1:47 PM [  5]: Batch Sending Event Hub Records: energytemplatehl1  -> 7 (count)
5/17/2016 1:47 PM [  5]: Batch Sending Event Hub Records: energytemplatehl1  -> 7 (count)
5/17/2016 1:47 PM [  5]: Batch Sending Event Hub Records: energytemplatehl1  -> 7 (count)
5/17/2016 1:48 PM [  5]: Batch Sending Event Hub Records: energytemplatehl1  -> 7 (count)
5/17/2016 1:48 PM [  5]: Batch Sending Event Hub Records: energytemplatehl1  -> 7 (count)
5/17/2016 1:48 PM [  5]: Batch Sending Event Hub Records: energytemplatehl1  -> 7 (count)
5/17/2016 1:48 PM [  5]: Batch Sending Event Hub Records: energytemplatehl1  -> 7 (count)
5/17/2016 1:48 PM [  5]: Batch Sending Event Hub Records: energytemplatehl1  -> 7 (count)
5/17/2016 1:48 PM [  5]: Batch Sending Event Hub Records: energytemplatehl1  -> 7 (count)
5/17/2016 1:49 PM [  5]: Batch Sending Event Hub Records: energytemplatehl1  -> 7 (count)
5/17/2016 1:49 PM [  5]: Batch Sending Event Hub Records: energytemplatehl1  -> 7 (count)
5/17/2016 1:49 PM [  5]: Batch Sending Event Hub Records: energytemplatehl1  -> 7 (count)
5/17/2016 1:49 PM [  5]: Batch Sending Event Hub Records: energytemplatehl1  -> 7 (count)
5/17/2016 1:49 PM [  5]: Batch Sending Event Hub Records: energytemplatehl1  -> 7 (count)
5/17/2016 1:49 PM [  5]: Batch Sending Event Hub Records: energytemplatehl1  -> 7 (count)
5/17/2016 1:49 PM [  5]: Event Hub Batch Processing Error: No such host is known
5/17/2016 1:49 PM [  5]: Job Execute Exception: No such host is known
