6/14/2016 10:07 AM [  1]: Starting Generator in Domain: C:\Users\honglu\Documents\OneDrive - Microsoft\Projects\EnergySolutionPackage\Energy Demand Forecast Technical Deployment Guide\Demand Forecasting Data Generator\
6/14/2016 10:07 AM [  1]: Scanning for generators.....
6/14/2016 10:07 AM [  1]: AppConfig Setting: EventHubName -> 
6/14/2016 10:07 AM [  1]: AppConfig Setting: EventHubConnectionString -> 
6/14/2016 10:07 AM [  1]: AppConfig Setting: StorageAccountConnectionString -> 
6/14/2016 10:07 AM [  1]: Searching Generators: C:\Users\honglu\Documents\OneDrive - Microsoft\Projects\EnergySolutionPackage\Energy Demand Forecast Technical Deployment Guide\Demand Forecasting Data Generator\
6/14/2016 10:07 AM [  1]: Searching DLL: C:\Users\honglu\Documents\OneDrive - Microsoft\Projects\EnergySolutionPackage\Energy Demand Forecast Technical Deployment Guide\Demand Forecasting Data Generator\Microsoft.Azure.KeyVault.Core.dll
6/14/2016 10:07 AM [  1]: Searching DLL: C:\Users\honglu\Documents\OneDrive - Microsoft\Projects\EnergySolutionPackage\Energy Demand Forecast Technical Deployment Guide\Demand Forecasting Data Generator\Microsoft.Data.Edm.dll
6/14/2016 10:07 AM [  1]: Searching DLL: C:\Users\honglu\Documents\OneDrive - Microsoft\Projects\EnergySolutionPackage\Energy Demand Forecast Technical Deployment Guide\Demand Forecasting Data Generator\Microsoft.Data.OData.dll
6/14/2016 10:07 AM [  1]: Searching DLL: C:\Users\honglu\Documents\OneDrive - Microsoft\Projects\EnergySolutionPackage\Energy Demand Forecast Technical Deployment Guide\Demand Forecasting Data Generator\Microsoft.Data.Services.Client.dll
6/14/2016 10:07 AM [  1]: Searching DLL: C:\Users\honglu\Documents\OneDrive - Microsoft\Projects\EnergySolutionPackage\Energy Demand Forecast Technical Deployment Guide\Demand Forecasting Data Generator\Microsoft.ServiceBus.dll
6/14/2016 10:07 AM [  1]: Searching DLL: C:\Users\honglu\Documents\OneDrive - Microsoft\Projects\EnergySolutionPackage\Energy Demand Forecast Technical Deployment Guide\Demand Forecasting Data Generator\Microsoft.WindowsAzure.Storage.dll
6/14/2016 10:07 AM [  1]: Searching DLL: C:\Users\honglu\Documents\OneDrive - Microsoft\Projects\EnergySolutionPackage\Energy Demand Forecast Technical Deployment Guide\Demand Forecasting Data Generator\Newtonsoft.Json.dll
6/14/2016 10:07 AM [  1]: Searching DLL: C:\Users\honglu\Documents\OneDrive - Microsoft\Projects\EnergySolutionPackage\Energy Demand Forecast Technical Deployment Guide\Demand Forecasting Data Generator\SACommon.dll
6/14/2016 10:07 AM [  1]: Searching DLL: C:\Users\honglu\Documents\OneDrive - Microsoft\Projects\EnergySolutionPackage\Energy Demand Forecast Technical Deployment Guide\Demand Forecasting Data Generator\SADUGeneratorEngine.dll
6/14/2016 10:07 AM [  1]: Generator Found : SADUGeneratorEngine.SADUDataGenerator 
6/14/2016 10:07 AM [  1]: Generator Demand Forecasting Data Generator using individual configuration
6/14/2016 10:07 AM [  1]: Attempting to LOAD config for Demand Forecasting Data Generator at location C:\Users\honglu\Documents\OneDrive - Microsoft\Projects\EnergySolutionPackage\Energy Demand Forecast Technical Deployment Guide\Demand Forecasting Data Generator\DemandForecastingDataGeneratorConfig.json
6/14/2016 10:07 AM [  1]: Type Succesfully Constructed : Demand Forecasting Data Generator 
6/14/2016 10:07 AM [  1]: Searching DLL: C:\Users\honglu\Documents\OneDrive - Microsoft\Projects\EnergySolutionPackage\Energy Demand Forecast Technical Deployment Guide\Demand Forecasting Data Generator\System.Spatial.dll
6/14/2016 10:07 AM [  1]: Generator data is available
6/14/2016 10:07 AM [  1]: Active generator selected : Demand Forecasting Data Generator
6/14/2016 10:07 AM [  1]: Configuration Valid: True
6/14/2016 10:07 AM [  1]: Configuration Valid: True
6/14/2016 10:07 AM [  1]: Attempting to SAVE config for Demand Forecasting Data Generator at location C:\Users\honglu\Documents\OneDrive - Microsoft\Projects\EnergySolutionPackage\Energy Demand Forecast Technical Deployment Guide\Demand Forecasting Data Generator\DemandForecastingDataGeneratorConfig.json
6/14/2016 10:07 AM [  1]: Configuration Valid: True
6/14/2016 10:07 AM [  1]: Choose an action:

	0 - Start
	1 - Stop
	2 - Configure
	3 - Status
	4 - Quit

Selection: 
