6/14/2016 10:08 AM [  1]: Starting Generator in Domain: C:\Users\honglu\Documents\OneDrive - Microsoft\Projects\EnergySolutionPackage\Energy Demand Forecast Technical Deployment Guide\Demand Forecasting Data Generator\
6/14/2016 10:08 AM [  1]: Scanning for generators.....
6/14/2016 10:08 AM [  1]: AppConfig Setting: EventHubName -> 
6/14/2016 10:08 AM [  1]: AppConfig Setting: EventHubConnectionString -> 
6/14/2016 10:08 AM [  1]: AppConfig Setting: StorageAccountConnectionString -> 
6/14/2016 10:08 AM [  1]: Searching Generators: C:\Users\honglu\Documents\OneDrive - Microsoft\Projects\EnergySolutionPackage\Energy Demand Forecast Technical Deployment Guide\Demand Forecasting Data Generator\
6/14/2016 10:08 AM [  1]: Searching DLL: C:\Users\honglu\Documents\OneDrive - Microsoft\Projects\EnergySolutionPackage\Energy Demand Forecast Technical Deployment Guide\Demand Forecasting Data Generator\Microsoft.Azure.KeyVault.Core.dll
6/14/2016 10:08 AM [  1]: Searching DLL: C:\Users\honglu\Documents\OneDrive - Microsoft\Projects\EnergySolutionPackage\Energy Demand Forecast Technical Deployment Guide\Demand Forecasting Data Generator\Microsoft.Data.Edm.dll
6/14/2016 10:08 AM [  1]: Searching DLL: C:\Users\honglu\Documents\OneDrive - Microsoft\Projects\EnergySolutionPackage\Energy Demand Forecast Technical Deployment Guide\Demand Forecasting Data Generator\Microsoft.Data.OData.dll
6/14/2016 10:08 AM [  1]: Searching DLL: C:\Users\honglu\Documents\OneDrive - Microsoft\Projects\EnergySolutionPackage\Energy Demand Forecast Technical Deployment Guide\Demand Forecasting Data Generator\Microsoft.Data.Services.Client.dll
6/14/2016 10:08 AM [  1]: Searching DLL: C:\Users\honglu\Documents\OneDrive - Microsoft\Projects\EnergySolutionPackage\Energy Demand Forecast Technical Deployment Guide\Demand Forecasting Data Generator\Microsoft.ServiceBus.dll
6/14/2016 10:08 AM [  1]: Searching DLL: C:\Users\honglu\Documents\OneDrive - Microsoft\Projects\EnergySolutionPackage\Energy Demand Forecast Technical Deployment Guide\Demand Forecasting Data Generator\Microsoft.WindowsAzure.Storage.dll
6/14/2016 10:08 AM [  1]: Searching DLL: C:\Users\honglu\Documents\OneDrive - Microsoft\Projects\EnergySolutionPackage\Energy Demand Forecast Technical Deployment Guide\Demand Forecasting Data Generator\Newtonsoft.Json.dll
6/14/2016 10:08 AM [  1]: Searching DLL: C:\Users\honglu\Documents\OneDrive - Microsoft\Projects\EnergySolutionPackage\Energy Demand Forecast Technical Deployment Guide\Demand Forecasting Data Generator\SACommon.dll
6/14/2016 10:08 AM [  1]: Searching DLL: C:\Users\honglu\Documents\OneDrive - Microsoft\Projects\EnergySolutionPackage\Energy Demand Forecast Technical Deployment Guide\Demand Forecasting Data Generator\SADUGeneratorEngine.dll
6/14/2016 10:08 AM [  1]: Generator Found : SADUGeneratorEngine.SADUDataGenerator 
6/14/2016 10:08 AM [  1]: Generator Demand Forecasting Data Generator using App.config configuration
6/14/2016 10:08 AM [  1]: Type Succesfully Constructed : Demand Forecasting Data Generator 
6/14/2016 10:08 AM [  1]: Searching DLL: C:\Users\honglu\Documents\OneDrive - Microsoft\Projects\EnergySolutionPackage\Energy Demand Forecast Technical Deployment Guide\Demand Forecasting Data Generator\System.Spatial.dll
6/14/2016 10:08 AM [  1]: Generator data is available
6/14/2016 10:08 AM [  1]: Active generator selected : Demand Forecasting Data Generator
6/14/2016 10:08 AM [  1]: Configuration Valid: False
6/14/2016 10:08 AM [  1]: Getting Configuration Value: EventHubName -> 
6/14/2016 10:08 AM [  1]: Event Hub Name  > 
